Release 14.7 - xst P.20131013 (nt64)
Copyright (c) 1995-2013 Xilinx, Inc.  All rights reserved.
--> Parameter TMPDIR set to xst/projnav.tmp


Total REAL time to Xst completion: 0.00 secs
Total CPU time to Xst completion: 0.15 secs
 
--> Parameter xsthdpdir set to xst


Total REAL time to Xst completion: 0.00 secs
Total CPU time to Xst completion: 0.15 secs
 
--> Reading design: M8to4.prj

TABLE OF CONTENTS
  1) Synthesis Options Summary
  2) HDL Parsing
  3) HDL Elaboration
  4) HDL Synthesis
       4.1) HDL Synthesis Report
  5) Advanced HDL Synthesis
       5.1) Advanced HDL Synthesis Report
  6) Low Level Synthesis
  7) Partition Report
  8) Design Summary
       8.1) Primitive and Black Box Usage
       8.2) Device utilization summary
       8.3) Partition Resource Summary
       8.4) Timing Report
            8.4.1) Clock Information
            8.4.2) Asynchronous Control Signals Information
            8.4.3) Timing Summary
            8.4.4) Timing Details
            8.4.5) Cross Clock Domains Report


=========================================================================
*                      Synthesis Options Summary                        *
=========================================================================
---- Source Parameters
Input File Name                    : "M8to4.prj"
Ignore Synthesis Constraint File   : NO

---- Target Parameters
Output File Name                   : "M8to4"
Output Format                      : NGC
Target Device                      : xc7z010-3-clg400

---- Source Options
Top Module Name                    : M8to4
Automatic FSM Extraction           : YES
FSM Encoding Algorithm             : Auto
Safe Implementation                : No
FSM Style                          : LUT
RAM Extraction                     : Yes
RAM Style                          : Auto
ROM Extraction                     : Yes
Shift Register Extraction          : YES
ROM Style                          : Auto
Resource Sharing                   : YES
Asynchronous To Synchronous        : NO
Shift Register Minimum Size        : 2
Use DSP Block                      : Auto
Automatic Register Balancing       : No

---- Target Options
LUT Combining                      : Auto
Reduce Control Sets                : Auto
Add IO Buffers                     : YES
Global Maximum Fanout              : 100000
Add Generic Clock Buffer(BUFG)     : 32
Register Duplication               : YES
Optimize Instantiated Primitives   : NO
Use Clock Enable                   : Auto
Use Synchronous Set                : Auto
Use Synchronous Reset              : Auto
Pack IO Registers into IOBs        : Auto
Equivalent register Removal        : YES

---- General Options
Optimization Goal                  : Speed
Optimization Effort                : 1
Power Reduction                    : NO
Keep Hierarchy                     : No
Netlist Hierarchy                  : As_Optimized
RTL Output                         : Yes
Global Optimization                : AllClockNets
Read Cores                         : YES
Write Timing Constraints           : NO
Cross Clock Analysis               : NO
Hierarchy Separator                : /
Bus Delimiter                      : <>
Case Specifier                     : Maintain
Slice Utilization Ratio            : 100
BRAM Utilization Ratio             : 100
DSP48 Utilization Ratio            : 100
Auto BRAM Packing                  : NO
Slice Utilization Ratio Delta      : 5

=========================================================================


=========================================================================
*                          HDL Parsing                                  *
=========================================================================
Analyzing Verilog file "E:\Courses\AUT\semester 3\Logic Circuit\project\codes\phase 1\part3\CoolHeatSystem\M8to4.v" into library work
Parsing module <M8to4>.

=========================================================================
*                            HDL Elaboration                            *
=========================================================================

Elaborating module <M8to4>.
WARNING:HDLCompiler:91 - "E:\Courses\AUT\semester 3\Logic Circuit\project\codes\phase 1\part3\CoolHeatSystem\M8to4.v" Line 32: Signal <chs_power> missing in the sensitivity list is added for synthesis purposes. HDL and post-synthesis simulations may differ as a result.

=========================================================================
*                           HDL Synthesis                               *
=========================================================================

Synthesizing Unit <M8to4>.
    Related source file is "E:\Courses\AUT\semester 3\Logic Circuit\project\codes\phase 1\part3\CoolHeatSystem\M8to4.v".
    Found 4-bit adder for signal <_n0050> created at line 24.
    Found 4-bit adder for signal <_n0051> created at line 24.
    Found 4-bit adder for signal <_n0052> created at line 24.
    Found 4-bit adder for signal <_n0053> created at line 24.
    Found 4-bit adder for signal <_n0054> created at line 24.
    Found 4-bit adder for signal <_n0055> created at line 24.
    Found 4-bit adder for signal <_n0056> created at line 24.
    Found 4-bit adder for signal <chs_power> created at line 24.
    Summary:
	inferred   8 Adder/Subtractor(s).
Unit <M8to4> synthesized.

=========================================================================
HDL Synthesis Report

Macro Statistics
# Adders/Subtractors                                   : 8
 4-bit adder                                           : 8

=========================================================================

=========================================================================
*                       Advanced HDL Synthesis                          *
=========================================================================


Synthesizing (advanced) Unit <M8to4>.
	The following adders/subtractors are grouped into adder tree <Madd__n00561> :
 	<Madd__n0051> in block <M8to4>, 	<Madd__n0052_Madd> in block <M8to4>, 	<Madd__n0054> in block <M8to4>, 	<Madd__n0055_Madd> in block <M8to4>.
Unit <M8to4> synthesized (advanced).

=========================================================================
Advanced HDL Synthesis Report

Macro Statistics
# Adders/Subtractors                                   : 1
 4-bit adder                                           : 1
# Adder Trees                                          : 1
 4-bit / 6-inputs adder tree                           : 1

=========================================================================

=========================================================================
*                         Low Level Synthesis                           *
=========================================================================
WARNING:Xst:2170 - Unit M8to4 : the following signal(s) form a combinatorial loop: Madd_chs_power_lut<0>.
WARNING:Xst:2170 - Unit M8to4 : the following signal(s) form a combinatorial loop: Madd_chs_power_lut<2>.
WARNING:Xst:2170 - Unit M8to4 : the following signal(s) form a combinatorial loop: Madd_chs_power_lut<1>.
WARNING:Xst:2170 - Unit M8to4 : the following signal(s) form a combinatorial loop: Madd_chs_power_lut<3>.

Optimizing unit <M8to4> ...

Mapping all equations...
Building and optimizing final netlist ...
Found area constraint ratio of 100 (+ 5) on block M8to4, actual ratio is 0.

Final Macro Processing ...

=========================================================================
Final Register Report

Found no macro
=========================================================================

=========================================================================
*                           Partition Report                            *
=========================================================================

Partition Implementation Status
-------------------------------

  No Partitions were found in this design.

-------------------------------

=========================================================================
*                            Design Summary                             *
=========================================================================

Top Level Output File Name         : M8to4.ngc

Primitive and Black Box Usage:
------------------------------
# BELS                             : 15
#      LUT2                        : 4
#      LUT3                        : 3
#      LUT4                        : 1
#      LUT5                        : 5
#      LUT6                        : 1
#      VCC                         : 1
# IO Buffers                       : 13
#      IBUF                        : 8
#      OBUF                        : 5

Device utilization summary:
---------------------------

Selected Device : 7z010clg400-3 


Slice Logic Utilization: 
 Number of Slice LUTs:                   14  out of  17600     0%  
    Number used as Logic:                14  out of  17600     0%  

Slice Logic Distribution: 
 Number of LUT Flip Flop pairs used:     14
   Number with an unused Flip Flop:      14  out of     14   100%  
   Number with an unused LUT:             0  out of     14     0%  
   Number of fully used LUT-FF pairs:     0  out of     14     0%  
   Number of unique control sets:         0

IO Utilization: 
 Number of IOs:                          13
 Number of bonded IOBs:                  13  out of    100    13%  

Specific Feature Utilization:

---------------------------
Partition Resource Summary:
---------------------------

  No Partitions were found in this design.

---------------------------


=========================================================================
Timing Report

NOTE: THESE TIMING NUMBERS ARE ONLY A SYNTHESIS ESTIMATE.
      FOR ACCURATE TIMING INFORMATION PLEASE REFER TO THE TRACE REPORT
      GENERATED AFTER PLACE-and-ROUTE.

Clock Information:
------------------
No clock signals found in this design

Asynchronous Control Signals Information:
----------------------------------------
No asynchronous control signals found in this design

Timing Summary:
---------------
Speed Grade: -3

   Minimum period: No path found
   Minimum input arrival time before clock: No path found
   Maximum output required time after clock: No path found
   Maximum combinational path delay: 3.293ns

Timing Details:
---------------
All values displayed in nanoseconds (ns)

=========================================================================
Timing constraint: Default path analysis
  Total number of paths / destination ports: 97 / 4
-------------------------------------------------------------------------
Delay:               3.293ns (Levels of Logic = 8)
  Source:            in<2> (PAD)
  Destination:       chs_power<2> (PAD)

  Data Path: in<2> to chs_power<2>
                                Gate     Net
    Cell:in->out      fanout   Delay   Delay  Logical Name (Net Name)
    ----------------------------------------  ------------
     IBUF:I->O             4   0.000   0.442  in_2_IBUF (in_2_IBUF)
     LUT3:I0->O            3   0.043   0.552  ADDERTREE_INTERNAL_Madd_xor<0>11 (ADDERTREE_INTERNAL_Madd_0)
     LUT5:I0->O            2   0.043   0.461  ADDERTREE_INTERNAL_Madd41 (ADDERTREE_INTERNAL_Madd4)
     LUT5:I1->O            2   0.043   0.461  ADDERTREE_INTERNAL_Madd4_lut<0>11 (ADDERTREE_INTERNAL_Madd4_lut<0>1)
     LUT4:I0->O            2   0.043   0.546  ADDERTREE_INTERNAL_Madd4_cy<0>21 (ADDERTREE_INTERNAL_Madd4_cy<0>1)
     LUT5:I0->O            1   0.043   0.289  ADDERTREE_INTERNAL_Madd4_xor<0>31 (ADDERTREE_INTERNAL_Madd_24)
     LUT2:I1->O            2   0.043   0.283  Madd_chs_power_lut<2>1 (Madd_chs_power_lut<2>)
     OBUF:I->O                 0.000          chs_power_2_OBUF (chs_power<2>)
    ----------------------------------------
    Total                      3.293ns (0.258ns logic, 3.035ns route)
                                       (7.8% logic, 92.2% route)

=========================================================================

Cross Clock Domains Report:
--------------------------

=========================================================================


Total REAL time to Xst completion: 16.00 secs
Total CPU time to Xst completion: 16.18 secs
 
--> 

Total memory usage is 4626588 kilobytes

Number of errors   :    0 (   0 filtered)
Number of warnings :    5 (   0 filtered)
Number of infos    :    0 (   0 filtered)

