Release 14.7 - xst P.20131013 (nt64)
Copyright (c) 1995-2013 Xilinx, Inc.  All rights reserved.
--> Parameter TMPDIR set to xst/projnav.tmp


Total REAL time to Xst completion: 0.00 secs
Total CPU time to Xst completion: 0.09 secs
 
--> Parameter xsthdpdir set to xst


Total REAL time to Xst completion: 0.00 secs
Total CPU time to Xst completion: 0.09 secs
 
--> Reading design: CoolHeatSystemUtils.prj

TABLE OF CONTENTS
  1) Synthesis Options Summary
  2) HDL Parsing
  3) HDL Elaboration
  4) HDL Synthesis
       4.1) HDL Synthesis Report
  5) Advanced HDL Synthesis
       5.1) Advanced HDL Synthesis Report
  6) Low Level Synthesis
  7) Partition Report
  8) Design Summary
       8.1) Primitive and Black Box Usage
       8.2) Device utilization summary
       8.3) Partition Resource Summary
       8.4) Timing Report
            8.4.1) Clock Information
            8.4.2) Asynchronous Control Signals Information
            8.4.3) Timing Summary
            8.4.4) Timing Details
            8.4.5) Cross Clock Domains Report


=========================================================================
*                      Synthesis Options Summary                        *
=========================================================================
---- Source Parameters
Input File Name                    : "CoolHeatSystemUtils.prj"
Ignore Synthesis Constraint File   : NO

---- Target Parameters
Output File Name                   : "CoolHeatSystemUtils"
Output Format                      : NGC
Target Device                      : xa7a100t-2I-csg324

---- Source Options
Top Module Name                    : CoolHeatSystemUtils
Automatic FSM Extraction           : YES
FSM Encoding Algorithm             : Auto
Safe Implementation                : No
FSM Style                          : LUT
RAM Extraction                     : Yes
RAM Style                          : Auto
ROM Extraction                     : Yes
Shift Register Extraction          : YES
ROM Style                          : Auto
Resource Sharing                   : YES
Asynchronous To Synchronous        : NO
Shift Register Minimum Size        : 2
Use DSP Block                      : Auto
Automatic Register Balancing       : No

---- Target Options
LUT Combining                      : Auto
Reduce Control Sets                : Auto
Add IO Buffers                     : YES
Global Maximum Fanout              : 100000
Add Generic Clock Buffer(BUFG)     : 32
Register Duplication               : YES
Optimize Instantiated Primitives   : NO
Use Clock Enable                   : Auto
Use Synchronous Set                : Auto
Use Synchronous Reset              : Auto
Pack IO Registers into IOBs        : Auto
Equivalent register Removal        : YES

---- General Options
Optimization Goal                  : Speed
Optimization Effort                : 1
Power Reduction                    : NO
Keep Hierarchy                     : No
Netlist Hierarchy                  : As_Optimized
RTL Output                         : Yes
Global Optimization                : AllClockNets
Read Cores                         : YES
Write Timing Constraints           : NO
Cross Clock Analysis               : NO
Hierarchy Separator                : /
Bus Delimiter                      : <>
Case Specifier                     : Maintain
Slice Utilization Ratio            : 100
BRAM Utilization Ratio             : 100
DSP48 Utilization Ratio            : 100
Auto BRAM Packing                  : NO
Slice Utilization Ratio Delta      : 5

=========================================================================


=========================================================================
*                          HDL Parsing                                  *
=========================================================================
Analyzing Verilog file "E:\Courses\AUT\semester 3\Logic Circuit\project\codes\Module03\ModePower.v" into library work
Parsing module <ModePower>.
Analyzing Verilog file "E:\Courses\AUT\semester 3\Logic Circuit\project\codes\Module03\FanSpeed.v" into library work
Parsing module <FanSpeed>.
Analyzing Verilog file "E:\Courses\AUT\semester 3\Logic Circuit\project\codes\Module03\CoolHeatSystemUtils.v" into library work
Parsing module <CoolHeatSystemUtils>.
WARNING:HDLCompiler:568 - "E:\Courses\AUT\semester 3\Logic Circuit\project\codes\Module03\CoolHeatSystemUtils.v" Line 48: Constant value is truncated to fit in <8> bits.
WARNING:HDLCompiler:568 - "E:\Courses\AUT\semester 3\Logic Circuit\project\codes\Module03\CoolHeatSystemUtils.v" Line 49: Constant value is truncated to fit in <8> bits.
WARNING:HDLCompiler:568 - "E:\Courses\AUT\semester 3\Logic Circuit\project\codes\Module03\CoolHeatSystemUtils.v" Line 50: Constant value is truncated to fit in <8> bits.
WARNING:HDLCompiler:568 - "E:\Courses\AUT\semester 3\Logic Circuit\project\codes\Module03\CoolHeatSystemUtils.v" Line 52: Constant value is truncated to fit in <8> bits.
WARNING:HDLCompiler:568 - "E:\Courses\AUT\semester 3\Logic Circuit\project\codes\Module03\CoolHeatSystemUtils.v" Line 53: Constant value is truncated to fit in <8> bits.
WARNING:HDLCompiler:568 - "E:\Courses\AUT\semester 3\Logic Circuit\project\codes\Module03\CoolHeatSystemUtils.v" Line 54: Constant value is truncated to fit in <8> bits.

=========================================================================
*                            HDL Elaboration                            *
=========================================================================

Elaborating module <CoolHeatSystemUtils>.
WARNING:HDLCompiler:872 - "E:\Courses\AUT\semester 3\Logic Circuit\project\codes\Module03\CoolHeatSystemUtils.v" Line 47: Using initial value of chs_conf since it is never assigned

Elaborating module <ModePower>.
WARNING:HDLCompiler:1127 - "E:\Courses\AUT\semester 3\Logic Circuit\project\codes\Module03\CoolHeatSystemUtils.v" Line 44: Assignment to chs_power ignored, since the identifier is never used

Elaborating module <FanSpeed>.
WARNING:HDLCompiler:872 - "E:\Courses\AUT\semester 3\Logic Circuit\project\codes\Module03\FanSpeed.v" Line 28: Using initial value of period since it is never assigned
WARNING:HDLCompiler:1127 - "E:\Courses\AUT\semester 3\Logic Circuit\project\codes\Module03\CoolHeatSystemUtils.v" Line 45: Assignment to pwm_data ignored, since the identifier is never used
WARNING:Xst:2972 - "E:\Courses\AUT\semester 3\Logic Circuit\project\codes\Module03\CoolHeatSystemUtils.v" line 44. All outputs of instance <modePower> of block <ModePower> are unconnected in block <CoolHeatSystemUtils>. Underlying logic will be removed.
WARNING:Xst:2972 - "E:\Courses\AUT\semester 3\Logic Circuit\project\codes\Module03\CoolHeatSystemUtils.v" line 45. All outputs of instance <fanSpeed> of block <FanSpeed> are unconnected in block <CoolHeatSystemUtils>. Underlying logic will be removed.

=========================================================================
*                           HDL Synthesis                               *
=========================================================================

Synthesizing Unit <CoolHeatSystemUtils>.
    Related source file is "E:\Courses\AUT\semester 3\Logic Circuit\project\codes\Module03\CoolHeatSystemUtils.v".
INFO:Xst:3210 - "E:\Courses\AUT\semester 3\Logic Circuit\project\codes\Module03\CoolHeatSystemUtils.v" line 44: Output port <chs_power> of the instance <modePower> is unconnected or connected to loadless signal.
INFO:Xst:3210 - "E:\Courses\AUT\semester 3\Logic Circuit\project\codes\Module03\CoolHeatSystemUtils.v" line 44: Output port <chs_mode> of the instance <modePower> is unconnected or connected to loadless signal.
INFO:Xst:3210 - "E:\Courses\AUT\semester 3\Logic Circuit\project\codes\Module03\CoolHeatSystemUtils.v" line 45: Output port <pwm_data> of the instance <fanSpeed> is unconnected or connected to loadless signal.
    Summary:
	no macro.
Unit <CoolHeatSystemUtils> synthesized.

=========================================================================
HDL Synthesis Report

Found no macro
=========================================================================

=========================================================================
*                       Advanced HDL Synthesis                          *
=========================================================================

WARNING:Xst - The specified part-type was not generated at build time. XST is loading the full part-type and will therefore consume more CPU and memory.
Loading device for application Rf_Device from file '7a100t.nph' in environment C:\Xilinx\14.7\ISE_DS\ISE\.
Loading device for application Rf_Device from file '7a100t.nph' in environment C:\Xilinx\14.7\ISE_DS\ISE\.

=========================================================================
Advanced HDL Synthesis Report

Found no macro
=========================================================================

=========================================================================
*                         Low Level Synthesis                           *
=========================================================================

Optimizing unit <CoolHeatSystemUtils> ...

Mapping all equations...
Building and optimizing final netlist ...
Found area constraint ratio of 100 (+ 5) on block CoolHeatSystemUtils, actual ratio is 0.

Final Macro Processing ...

=========================================================================
Final Register Report

Found no macro
=========================================================================

=========================================================================
*                           Partition Report                            *
=========================================================================

Partition Implementation Status
-------------------------------

  No Partitions were found in this design.

-------------------------------

=========================================================================
*                            Design Summary                             *
=========================================================================

Top Level Output File Name         : CoolHeatSystemUtils.ngc

Primitive and Black Box Usage:
------------------------------

Device utilization summary:
---------------------------

Selected Device : xa7a100tcsg324-2i 


Slice Logic Utilization: 

Slice Logic Distribution: 
 Number of LUT Flip Flop pairs used:      0
   Number with an unused Flip Flop:       0  out of      0         
   Number with an unused LUT:             0  out of      0         
   Number of fully used LUT-FF pairs:     0  out of      0         
   Number of unique control sets:         0

IO Utilization: 
 Number of IOs:                           0
 Number of bonded IOBs:                   0  out of    210     0%  

Specific Feature Utilization:

---------------------------
Partition Resource Summary:
---------------------------

  No Partitions were found in this design.

---------------------------


=========================================================================
Timing Report

NOTE: THESE TIMING NUMBERS ARE ONLY A SYNTHESIS ESTIMATE.
      FOR ACCURATE TIMING INFORMATION PLEASE REFER TO THE TRACE REPORT
      GENERATED AFTER PLACE-and-ROUTE.

Clock Information:
------------------
No clock signals found in this design

Asynchronous Control Signals Information:
----------------------------------------
No asynchronous control signals found in this design

Timing Summary:
---------------
Speed Grade: -2

   Minimum period: No path found
   Minimum input arrival time before clock: No path found
   Maximum output required time after clock: No path found
   Maximum combinational path delay: No path found

Timing Details:
---------------
All values displayed in nanoseconds (ns)

=========================================================================

Cross Clock Domains Report:
--------------------------

=========================================================================


Total REAL time to Xst completion: 27.00 secs
Total CPU time to Xst completion: 26.34 secs
 
--> 

Total memory usage is 5054508 kilobytes

Number of errors   :    0 (   0 filtered)
Number of warnings :   13 (   0 filtered)
Number of infos    :    3 (   0 filtered)

