Running: C:\Xilinx\14.7\ISE_DS\ISE\bin\nt64\unwrapped\fuse.exe -intstyle ise -incremental -lib unisims_ver -lib unimacro_ver -lib xilinxcorelib_ver -lib secureip -o E:/git/LCF99/codes/Module04/LightningSystemUtils_isim_beh.exe -prj E:/git/LCF99/codes/Module04/LightningSystemUtils_beh.prj work.LightningSystemUtils work.glbl 
ISim P.20131013 (signature 0x7708f090)
Number of CPUs detected in this system: 8
Turning on mult-threading, number of parallel sub-compilation jobs: 16 
Determining compilation order of HDL files
Analyzing Verilog file "E:/git/LCF99/codes/Module04/WindowShadeDegree.v" into library work
Analyzing Verilog file "E:/git/LCF99/codes/Module04/LampState.v" into library work
Analyzing Verilog file "E:/git/LCF99/codes/Module04/ActiveLamps.v" into library work
Analyzing Verilog file "E:/git/LCF99/codes/Module04/LightingSystem.v" into library work
Analyzing Verilog file "E:/git/LCF99/codes/Module04/LightingSystemUtils.v" into library work
Analyzing Verilog file "C:/Xilinx/14.7/ISE_DS/ISE//verilog/src/glbl.v" into library work
Starting static elaboration
Completed static elaboration
Compiling module ActiveLamps
Compiling module LampState
Compiling module WindowShadeDegree
Compiling module LightingSystem
Compiling module LightningSystemUtils
Compiling module glbl
Time Resolution for simulation is 1ps.
Compiled 6 Verilog Units
Built simulation executable E:/git/LCF99/codes/Module04/LightningSystemUtils_isim_beh.exe
Fuse Memory Usage: 28968 KB
Fuse CPU Usage: 421 ms
