Release 14.7 - xst P.20131013 (nt64)
Copyright (c) 1995-2013 Xilinx, Inc.  All rights reserved.
--> Parameter TMPDIR set to xst/projnav.tmp


Total REAL time to Xst completion: 0.00 secs
Total CPU time to Xst completion: 0.10 secs
 
--> Parameter xsthdpdir set to xst


Total REAL time to Xst completion: 0.00 secs
Total CPU time to Xst completion: 0.10 secs
 
--> Reading design: AdderSubtractor32x32.prj

TABLE OF CONTENTS
  1) Synthesis Options Summary
  2) HDL Parsing
  3) HDL Elaboration
  4) HDL Synthesis
       4.1) HDL Synthesis Report
  5) Advanced HDL Synthesis
       5.1) Advanced HDL Synthesis Report
  6) Low Level Synthesis
  7) Partition Report
  8) Design Summary
       8.1) Primitive and Black Box Usage
       8.2) Device utilization summary
       8.3) Partition Resource Summary
       8.4) Timing Report
            8.4.1) Clock Information
            8.4.2) Asynchronous Control Signals Information
            8.4.3) Timing Summary
            8.4.4) Timing Details
            8.4.5) Cross Clock Domains Report


=========================================================================
*                      Synthesis Options Summary                        *
=========================================================================
---- Source Parameters
Input File Name                    : "AdderSubtractor32x32.prj"
Ignore Synthesis Constraint File   : NO

---- Target Parameters
Output File Name                   : "AdderSubtractor32x32"
Output Format                      : NGC
Target Device                      : xc7z010-3-clg400

---- Source Options
Top Module Name                    : AdderSubtractor32x32
Automatic FSM Extraction           : YES
FSM Encoding Algorithm             : Auto
Safe Implementation                : No
FSM Style                          : LUT
RAM Extraction                     : Yes
RAM Style                          : Auto
ROM Extraction                     : Yes
Shift Register Extraction          : YES
ROM Style                          : Auto
Resource Sharing                   : YES
Asynchronous To Synchronous        : NO
Shift Register Minimum Size        : 2
Use DSP Block                      : Auto
Automatic Register Balancing       : No

---- Target Options
LUT Combining                      : Auto
Reduce Control Sets                : Auto
Add IO Buffers                     : YES
Global Maximum Fanout              : 100000
Add Generic Clock Buffer(BUFG)     : 32
Register Duplication               : YES
Optimize Instantiated Primitives   : NO
Use Clock Enable                   : Auto
Use Synchronous Set                : Auto
Use Synchronous Reset              : Auto
Pack IO Registers into IOBs        : Auto
Equivalent register Removal        : YES

---- General Options
Optimization Goal                  : Speed
Optimization Effort                : 1
Power Reduction                    : NO
Keep Hierarchy                     : No
Netlist Hierarchy                  : As_Optimized
RTL Output                         : Yes
Global Optimization                : AllClockNets
Read Cores                         : YES
Write Timing Constraints           : NO
Cross Clock Analysis               : NO
Hierarchy Separator                : /
Bus Delimiter                      : <>
Case Specifier                     : Maintain
Slice Utilization Ratio            : 100
BRAM Utilization Ratio             : 100
DSP48 Utilization Ratio            : 100
Auto BRAM Packing                  : NO
Slice Utilization Ratio Delta      : 5

=========================================================================


=========================================================================
*                          HDL Parsing                                  *
=========================================================================
Analyzing Verilog file "E:\Courses\AUT\semester 3\Logic Circuit\project\codes\phase 1\part 1\Module01\FA.v" into library work
Parsing module <FA>.
Analyzing Verilog file "E:\Courses\AUT\semester 3\Logic Circuit\project\codes\phase 1\part 1\Module01\AdderSubtractor32bit.v" into library work
Parsing module <AdderSubtractor32x32>.

=========================================================================
*                            HDL Elaboration                            *
=========================================================================

Elaborating module <AdderSubtractor32x32>.

Elaborating module <FA>.

=========================================================================
*                           HDL Synthesis                               *
=========================================================================

Synthesizing Unit <AdderSubtractor32x32>.
    Related source file is "E:\Courses\AUT\semester 3\Logic Circuit\project\codes\phase 1\part 1\Module01\AdderSubtractor32bit.v".
WARNING:Xst:647 - Input <A<31:31>> is never used. This port will be preserved and left unconnected if it belongs to a top-level block or it belongs to a sub-block and the hierarchy of this sub-block is preserved.
WARNING:Xst:647 - Input <B<31:31>> is never used. This port will be preserved and left unconnected if it belongs to a top-level block or it belongs to a sub-block and the hierarchy of this sub-block is preserved.
INFO:Xst:3210 - "E:\Courses\AUT\semester 3\Logic Circuit\project\codes\phase 1\part 1\Module01\AdderSubtractor32bit.v" line 36: Output port <co> of the instance <loop[30].fa> is unconnected or connected to loadless signal.
    Summary:
Unit <AdderSubtractor32x32> synthesized.

Synthesizing Unit <FA>.
    Related source file is "E:\Courses\AUT\semester 3\Logic Circuit\project\codes\phase 1\part 1\Module01\FA.v".
    Summary:
Unit <FA> synthesized.

=========================================================================
HDL Synthesis Report

Macro Statistics
# Xors                                                 : 93
 1-bit xor2                                            : 93

=========================================================================

=========================================================================
*                       Advanced HDL Synthesis                          *
=========================================================================


=========================================================================
Advanced HDL Synthesis Report

Macro Statistics
# Xors                                                 : 93
 1-bit xor2                                            : 93

=========================================================================

=========================================================================
*                         Low Level Synthesis                           *
=========================================================================

Optimizing unit <AdderSubtractor32x32> ...

Mapping all equations...
Building and optimizing final netlist ...
Found area constraint ratio of 100 (+ 5) on block AdderSubtractor32x32, actual ratio is 0.

Final Macro Processing ...

=========================================================================
Final Register Report

Found no macro
=========================================================================

=========================================================================
*                           Partition Report                            *
=========================================================================

Partition Implementation Status
-------------------------------

  No Partitions were found in this design.

-------------------------------

=========================================================================
*                            Design Summary                             *
=========================================================================

Top Level Output File Name         : AdderSubtractor32x32.ngc

Primitive and Black Box Usage:
------------------------------
# BELS                             : 46
#      LUT2                        : 1
#      LUT4                        : 15
#      LUT5                        : 2
#      LUT6                        : 28
# IO Buffers                       : 94
#      IBUF                        : 63
#      OBUF                        : 31

Device utilization summary:
---------------------------

Selected Device : 7z010clg400-3 


Slice Logic Utilization: 
 Number of Slice LUTs:                   46  out of  17600     0%  
    Number used as Logic:                46  out of  17600     0%  

Slice Logic Distribution: 
 Number of LUT Flip Flop pairs used:     46
   Number with an unused Flip Flop:      46  out of     46   100%  
   Number with an unused LUT:             0  out of     46     0%  
   Number of fully used LUT-FF pairs:     0  out of     46     0%  
   Number of unique control sets:         0

IO Utilization: 
 Number of IOs:                          97
 Number of bonded IOBs:                  94  out of    100    94%  

Specific Feature Utilization:

---------------------------
Partition Resource Summary:
---------------------------

  No Partitions were found in this design.

---------------------------


=========================================================================
Timing Report

NOTE: THESE TIMING NUMBERS ARE ONLY A SYNTHESIS ESTIMATE.
      FOR ACCURATE TIMING INFORMATION PLEASE REFER TO THE TRACE REPORT
      GENERATED AFTER PLACE-and-ROUTE.

Clock Information:
------------------
No clock signals found in this design

Asynchronous Control Signals Information:
----------------------------------------
No asynchronous control signals found in this design

Timing Summary:
---------------
Speed Grade: -3

   Minimum period: No path found
   Minimum input arrival time before clock: No path found
   Maximum output required time after clock: No path found
   Maximum combinational path delay: 7.103ns

Timing Details:
---------------
All values displayed in nanoseconds (ns)

=========================================================================
Timing constraint: Default path analysis
  Total number of paths / destination ports: 1247 / 31
-------------------------------------------------------------------------
Delay:               7.103ns (Levels of Logic = 18)
  Source:            sel (PAD)
  Destination:       S<30> (PAD)

  Data Path: sel to S<30>
                                Gate     Net
    Cell:in->out      fanout   Delay   Delay  Logical Name (Net Name)
    ----------------------------------------  ------------
     IBUF:I->O            45   0.000   0.651  sel_IBUF (sel_IBUF)
     LUT5:I0->O            3   0.043   0.353  loop[1].fa/co1 (cin<2>)
     LUT6:I4->O            3   0.043   0.353  loop[3].fa/co1 (cin<4>)
     LUT6:I4->O            3   0.043   0.353  loop[5].fa/co1 (cin<6>)
     LUT6:I4->O            3   0.043   0.353  loop[7].fa/co1 (cin<8>)
     LUT6:I4->O            3   0.043   0.353  loop[9].fa/co1 (cin<10>)
     LUT6:I4->O            3   0.043   0.353  loop[11].fa/co1 (cin<12>)
     LUT6:I4->O            3   0.043   0.353  loop[13].fa/co1 (cin<14>)
     LUT6:I4->O            3   0.043   0.353  loop[15].fa/co1 (cin<16>)
     LUT6:I4->O            3   0.043   0.353  loop[17].fa/co1 (cin<18>)
     LUT6:I4->O            3   0.043   0.353  loop[19].fa/co1 (cin<20>)
     LUT6:I4->O            3   0.043   0.353  loop[21].fa/co1 (cin<22>)
     LUT6:I4->O            3   0.043   0.353  loop[23].fa/co1 (cin<24>)
     LUT6:I4->O            3   0.043   0.353  loop[25].fa/co1 (cin<26>)
     LUT6:I4->O            3   0.043   0.438  loop[27].fa/co1 (cin<28>)
     LUT4:I1->O            1   0.043   0.456  loop[28].fa/co1 (cin<29>)
     LUT6:I2->O            1   0.043   0.279  loop[30].fa/Mxor_sum_xo<0>1 (S_30_OBUF)
     OBUF:I->O                 0.000          S_30_OBUF (S<30>)
    ----------------------------------------
    Total                      7.103ns (0.688ns logic, 6.415ns route)
                                       (9.7% logic, 90.3% route)

=========================================================================

Cross Clock Domains Report:
--------------------------

=========================================================================


Total REAL time to Xst completion: 8.00 secs
Total CPU time to Xst completion: 8.10 secs
 
--> 

Total memory usage is 4626632 kilobytes

Number of errors   :    0 (   0 filtered)
Number of warnings :    2 (   0 filtered)
Number of infos    :    1 (   0 filtered)

