ISim log file
Running: E:\git\LCF99\codes\Module01\TemperatureCalculatorUtils_isim_beh.exe -intstyle ise -gui -tclbatch isim.cmd -wdb E:/git/LCF99/codes/Module01/TemperatureCalculatorUtils_isim_beh.wdb 
ISim P.20131013 (signature 0x7708f090)
This is a Full version of ISim.
Time resolution is 1 ps
# onerror resume
# wave add /
# run 1000 ns
Simulator is doing circuit initialization process.
out: xxxxxxxxxxxxxxxx
out1: xxxxxxxxxxxxxxxxxxxxxxxxxxxxxxxx
out2: 11111111111111111111111111111111
ttempc: zxxxxxxxxxxxxxxxxxxxxxxxxxxxxxxx
out: 1101001001000000
out1: 00100111110101011111001001000000
out2: 11111111111111111111111111111111
ttempc: z1111111111111111111111111111110
out: 1101001001000000
out1: 00100111110101011111001001000000
out2: 00000010011111010101111100100100
ttempc: z1111111111111111111111111111110
out: 1101001001000000
out1: 00100111110101011111001001000000
out2: 00000010011111010101111100100100
ttempc: z0000010011111010101111100100111
out: 1101001001000000
out1: 00100111110101011111001001000000
out2: 00000010011111010101111100100100
ttempc: z0000010011111010101111100100011
Finished circuit initialization process.
