Command line:
   TemperatureCalculatorUtils_isim_beh.exe
     -simmode  gui
     -simrunnum  0
<<<<<<< HEAD
     -socket  54146

Thu Jan 28 16:45:22 2021


 Elaboration Time: 0.0625 sec

 Current Memory Usage: 5165.06 Meg

 Total Signals          : 193
 Total Nets             : 364
 Total Signal Drivers   : 109
 Total Blocks           : 38
 Total Primitive Blocks : 35
 Total Processes        : 81
 Total Traceable Variables  : 27
 Total Scalar Nets and Variables : 693

 Total Simulation Time: 0.125 sec

 Current Memory Usage: 5165.06 Meg

Thu Jan 28 16:45:52 2021
=======
     -socket  57817

Thu Jan 28 22:24:58 2021


 Elaboration Time: 0.109375 sec

 Current Memory Usage: 5164.49 Meg

 Total Signals          : 33
 Total Nets             : 237
 Total Signal Drivers   : 14
 Total Blocks           : 6
 Total Primitive Blocks : 4
 Total Processes        : 17
 Total Traceable Variables  : 22
 Total Scalar Nets and Variables : 405

 Total Simulation Time: 0.109375 sec

 Current Memory Usage: 5164.49 Meg

Thu Jan 28 22:25:07 2021
>>>>>>> cf7cbb9ed0800a9de5a5f8ba23d39996c1d43e6a

