Release 14.7 - xst P.20131013 (nt64)
Copyright (c) 1995-2013 Xilinx, Inc.  All rights reserved.
--> Parameter TMPDIR set to xst/projnav.tmp


Total REAL time to Xst completion: 0.00 secs
Total CPU time to Xst completion: 0.15 secs
 
--> Parameter xsthdpdir set to xst


Total REAL time to Xst completion: 0.00 secs
Total CPU time to Xst completion: 0.15 secs
 
--> Reading design: multi8bit.prj

TABLE OF CONTENTS
  1) Synthesis Options Summary
  2) HDL Parsing
  3) HDL Elaboration
  4) HDL Synthesis
       4.1) HDL Synthesis Report
  5) Advanced HDL Synthesis
       5.1) Advanced HDL Synthesis Report
  6) Low Level Synthesis
  7) Partition Report
  8) Design Summary
       8.1) Primitive and Black Box Usage
       8.2) Device utilization summary
       8.3) Partition Resource Summary
       8.4) Timing Report
            8.4.1) Clock Information
            8.4.2) Asynchronous Control Signals Information
            8.4.3) Timing Summary
            8.4.4) Timing Details
            8.4.5) Cross Clock Domains Report


=========================================================================
*                      Synthesis Options Summary                        *
=========================================================================
---- Source Parameters
Input File Name                    : "multi8bit.prj"
Ignore Synthesis Constraint File   : NO

---- Target Parameters
Output File Name                   : "multi8bit"
Output Format                      : NGC
Target Device                      : xa7a100t-2I-csg324

---- Source Options
Top Module Name                    : multi8bit
Automatic FSM Extraction           : YES
FSM Encoding Algorithm             : Auto
Safe Implementation                : No
FSM Style                          : LUT
RAM Extraction                     : Yes
RAM Style                          : Auto
ROM Extraction                     : Yes
Shift Register Extraction          : YES
ROM Style                          : Auto
Resource Sharing                   : YES
Asynchronous To Synchronous        : NO
Shift Register Minimum Size        : 2
Use DSP Block                      : Auto
Automatic Register Balancing       : No

---- Target Options
LUT Combining                      : Auto
Reduce Control Sets                : Auto
Add IO Buffers                     : YES
Global Maximum Fanout              : 100000
Add Generic Clock Buffer(BUFG)     : 32
Register Duplication               : YES
Optimize Instantiated Primitives   : NO
Use Clock Enable                   : Auto
Use Synchronous Set                : Auto
Use Synchronous Reset              : Auto
Pack IO Registers into IOBs        : Auto
Equivalent register Removal        : YES

---- General Options
Optimization Goal                  : Speed
Optimization Effort                : 1
Power Reduction                    : NO
Keep Hierarchy                     : Soft
Netlist Hierarchy                  : As_Optimized
RTL Output                         : Yes
Global Optimization                : AllClockNets
Read Cores                         : YES
Write Timing Constraints           : NO
Cross Clock Analysis               : NO
Hierarchy Separator                : /
Bus Delimiter                      : <>
Case Specifier                     : Maintain
Slice Utilization Ratio            : 100
BRAM Utilization Ratio             : 100
DSP48 Utilization Ratio            : 100
Auto BRAM Packing                  : NO
Slice Utilization Ratio Delta      : 5

=========================================================================


=========================================================================
*                          HDL Parsing                                  *
=========================================================================
Analyzing Verilog file "E:\Courses\AUT\semester 3\Logic Circuit\project\codes\phase 1\part 1\8 bit multiplier\muliplier\HA.v" into library work
Parsing module <HA>.
Analyzing Verilog file "E:\Courses\AUT\semester 3\Logic Circuit\project\codes\phase 1\part 1\8 bit multiplier\muliplier\FA.v" into library work
Parsing module <FA>.
Analyzing Verilog file "E:\Courses\AUT\semester 3\Logic Circuit\project\codes\phase 1\part 1\8 bit multiplier\muliplier\FA8bit.v" into library work
Parsing module <FA8bit>.
Analyzing Verilog file "E:\Courses\AUT\semester 3\Logic Circuit\project\codes\phase 1\part 1\8 bit multiplier\muliplier\multi8bit.v" into library work
Parsing module <multi8bit>.

=========================================================================
*                            HDL Elaboration                            *
=========================================================================
WARNING:HDLCompiler:327 - "E:\Courses\AUT\semester 3\Logic Circuit\project\codes\phase 1\part 1\8 bit multiplier\muliplier\multi8bit.v" Line 53: Concatenation with unsized literal; will interpret as 32 bits

Elaborating module <multi8bit>.

Elaborating module <FA8bit>.

Elaborating module <FA>.

Elaborating module <HA>.
WARNING:HDLCompiler:189 - "E:\Courses\AUT\semester 3\Logic Circuit\project\codes\phase 1\part 1\8 bit multiplier\muliplier\multi8bit.v" Line 53: Size mismatch in connection of port <A>. Formal port size is 8-bit while actual signal size is 39-bit.
WARNING:HDLCompiler:189 - "E:\Courses\AUT\semester 3\Logic Circuit\project\codes\phase 1\part 1\8 bit multiplier\muliplier\multi8bit.v" Line 55: Size mismatch in connection of port <cin>. Formal port size is 1-bit while actual signal size is 32-bit.
WARNING:HDLCompiler:189 - "E:\Courses\AUT\semester 3\Logic Circuit\project\codes\phase 1\part 1\8 bit multiplier\muliplier\multi8bit.v" Line 79: Size mismatch in connection of port <cin>. Formal port size is 1-bit while actual signal size is 32-bit.
WARNING:HDLCompiler:189 - "E:\Courses\AUT\semester 3\Logic Circuit\project\codes\phase 1\part 1\8 bit multiplier\muliplier\multi8bit.v" Line 103: Size mismatch in connection of port <cin>. Formal port size is 1-bit while actual signal size is 32-bit.
WARNING:HDLCompiler:189 - "E:\Courses\AUT\semester 3\Logic Circuit\project\codes\phase 1\part 1\8 bit multiplier\muliplier\multi8bit.v" Line 127: Size mismatch in connection of port <cin>. Formal port size is 1-bit while actual signal size is 32-bit.
WARNING:HDLCompiler:189 - "E:\Courses\AUT\semester 3\Logic Circuit\project\codes\phase 1\part 1\8 bit multiplier\muliplier\multi8bit.v" Line 151: Size mismatch in connection of port <cin>. Formal port size is 1-bit while actual signal size is 32-bit.
WARNING:HDLCompiler:189 - "E:\Courses\AUT\semester 3\Logic Circuit\project\codes\phase 1\part 1\8 bit multiplier\muliplier\multi8bit.v" Line 175: Size mismatch in connection of port <cin>. Formal port size is 1-bit while actual signal size is 32-bit.
WARNING:HDLCompiler:189 - "E:\Courses\AUT\semester 3\Logic Circuit\project\codes\phase 1\part 1\8 bit multiplier\muliplier\multi8bit.v" Line 198: Size mismatch in connection of port <cin>. Formal port size is 1-bit while actual signal size is 32-bit.

=========================================================================
*                           HDL Synthesis                               *
=========================================================================

Synthesizing Unit <multi8bit>.
    Related source file is "E:\Courses\AUT\semester 3\Logic Circuit\project\codes\phase 1\part 1\8 bit multiplier\muliplier\multi8bit.v".
    Summary:
	no macro.
Unit <multi8bit> synthesized.

Synthesizing Unit <FA8bit>.
    Related source file is "E:\Courses\AUT\semester 3\Logic Circuit\project\codes\phase 1\part 1\8 bit multiplier\muliplier\FA8bit.v".
    Summary:
	no macro.
Unit <FA8bit> synthesized.

Synthesizing Unit <FA>.
    Related source file is "E:\Courses\AUT\semester 3\Logic Circuit\project\codes\phase 1\part 1\8 bit multiplier\muliplier\FA.v".
    Summary:
	no macro.
Unit <FA> synthesized.

Synthesizing Unit <HA>.
    Related source file is "E:\Courses\AUT\semester 3\Logic Circuit\project\codes\phase 1\part 1\8 bit multiplier\muliplier\HA.v".
    Summary:
Unit <HA> synthesized.

=========================================================================
HDL Synthesis Report

Macro Statistics
# Xors                                                 : 112
 1-bit xor2                                            : 112

=========================================================================

=========================================================================
*                       Advanced HDL Synthesis                          *
=========================================================================

WARNING:Xst - The specified part-type was not generated at build time. XST is loading the full part-type and will therefore consume more CPU and memory.
Loading device for application Rf_Device from file '7a100t.nph' in environment C:\Xilinx\14.7\ISE_DS\ISE\.
Loading device for application Rf_Device from file '7a100t.nph' in environment C:\Xilinx\14.7\ISE_DS\ISE\.

=========================================================================
Advanced HDL Synthesis Report

Macro Statistics
# Xors                                                 : 112
 1-bit xor2                                            : 112

=========================================================================

=========================================================================
*                         Low Level Synthesis                           *
=========================================================================

Optimizing unit <FA8bit> ...

Optimizing unit <multi8bit> ...

Optimizing unit <FA> ...

Optimizing unit <HA> ...

Mapping all equations...
Building and optimizing final netlist ...
Found area constraint ratio of 100 (+ 5) on block multi8bit, actual ratio is 0.

Final Macro Processing ...

=========================================================================
Final Register Report

Found no macro
=========================================================================

=========================================================================
*                           Partition Report                            *
=========================================================================

Partition Implementation Status
-------------------------------

  No Partitions were found in this design.

-------------------------------

=========================================================================
*                            Design Summary                             *
=========================================================================

Top Level Output File Name         : multi8bit.ngc

Primitive and Black Box Usage:
------------------------------
# BELS                             : 317
#      LUT2                        : 317
# IO Buffers                       : 32
#      IBUF                        : 16
#      OBUF                        : 16

Device utilization summary:
---------------------------

Selected Device : xa7a100tcsg324-2i 


Slice Logic Utilization: 
 Number of Slice LUTs:                  317  out of  63400     0%  
    Number used as Logic:               317  out of  63400     0%  

Slice Logic Distribution: 
 Number of LUT Flip Flop pairs used:    317
   Number with an unused Flip Flop:     317  out of    317   100%  
   Number with an unused LUT:             0  out of    317     0%  
   Number of fully used LUT-FF pairs:     0  out of    317     0%  
   Number of unique control sets:         0

IO Utilization: 
 Number of IOs:                          32
 Number of bonded IOBs:                  32  out of    210    15%  

Specific Feature Utilization:

---------------------------
Partition Resource Summary:
---------------------------

  No Partitions were found in this design.

---------------------------


=========================================================================
Timing Report

NOTE: THESE TIMING NUMBERS ARE ONLY A SYNTHESIS ESTIMATE.
      FOR ACCURATE TIMING INFORMATION PLEASE REFER TO THE TRACE REPORT
      GENERATED AFTER PLACE-and-ROUTE.

Clock Information:
------------------
No clock signals found in this design

Asynchronous Control Signals Information:
----------------------------------------
No asynchronous control signals found in this design

Timing Summary:
---------------
Speed Grade: -2

   Minimum period: No path found
   Minimum input arrival time before clock: No path found
   Maximum output required time after clock: No path found
   Maximum combinational path delay: 52.382ns

Timing Details:
---------------
All values displayed in nanoseconds (ns)

=========================================================================
Timing constraint: Default path analysis
  Total number of paths / destination ports: 12438914 / 16
-------------------------------------------------------------------------
Delay:               52.382ns (Levels of Logic = 223)
  Source:            A<7> (PAD)
  Destination:       P<15> (PAD)

  Data Path: A<7> to P<15>
                                Gate     Net
    Cell:in->out      fanout   Delay   Delay  Logical Name (Net Name)
    ----------------------------------------  ------------
     IBUF:I->O             8   0.001   0.478  A_7_IBUF (A_7_IBUF)
     LUT2:I0->O            2   0.097   0.444  AB701 (AB70)
     begin scope: 'FA8bit_0:A<1>'
     begin scope: 'FA8bit_0/fa1:A'
     begin scope: 'FA8bit_0/fa1/ha1:A'
     LUT2:I0->O            2   0.097   0.444  carry1 (carry)
     end scope: 'FA8bit_0/fa1/ha1:carry'
     end scope: 'FA8bit_0/fa1:co'
     begin scope: 'FA8bit_0/fa2:cin'
     begin scope: 'FA8bit_0/fa2/ha2:A'
     LUT2:I0->O            1   0.097   0.355  carry1 (carry)
     end scope: 'FA8bit_0/fa2/ha2:carry'
     LUT2:I1->O            2   0.097   0.444  co1 (co)
     end scope: 'FA8bit_0/fa2:co'
     begin scope: 'FA8bit_0/fa3:cin'
     begin scope: 'FA8bit_0/fa3/ha2:A'
     LUT2:I0->O            1   0.097   0.355  carry1 (carry)
     end scope: 'FA8bit_0/fa3/ha2:carry'
     LUT2:I1->O            2   0.097   0.444  co1 (co)
     end scope: 'FA8bit_0/fa3:co'
     begin scope: 'FA8bit_0/fa4:cin'
     begin scope: 'FA8bit_0/fa4/ha2:A'
     LUT2:I0->O            1   0.097   0.355  carry1 (carry)
     end scope: 'FA8bit_0/fa4/ha2:carry'
     LUT2:I1->O            2   0.097   0.444  co1 (co)
     end scope: 'FA8bit_0/fa4:co'
     begin scope: 'FA8bit_0/fa5:cin'
     begin scope: 'FA8bit_0/fa5/ha2:A'
     LUT2:I0->O            1   0.097   0.355  carry1 (carry)
     end scope: 'FA8bit_0/fa5/ha2:carry'
     LUT2:I1->O            2   0.097   0.444  co1 (co)
     end scope: 'FA8bit_0/fa5:co'
     begin scope: 'FA8bit_0/fa6:cin'
     begin scope: 'FA8bit_0/fa6/ha2:A'
     LUT2:I0->O            1   0.097   0.355  carry1 (carry)
     end scope: 'FA8bit_0/fa6/ha2:carry'
     LUT2:I1->O            2   0.097   0.444  co1 (co)
     end scope: 'FA8bit_0/fa6:co'
     begin scope: 'FA8bit_0/fa7:cin'
     begin scope: 'FA8bit_0/fa7/ha2:A'
     LUT2:I0->O            1   0.097   0.355  carry1 (carry)
     end scope: 'FA8bit_0/fa7/ha2:carry'
     LUT2:I1->O            2   0.097   0.444  co1 (co)
     end scope: 'FA8bit_0/fa7:co'
     end scope: 'FA8bit_0:co'
     begin scope: 'FA8bit_1:A<0>'
     begin scope: 'FA8bit_1/fa0:A'
     begin scope: 'FA8bit_1/fa0/ha1:A'
     LUT2:I0->O            2   0.097   0.444  carry1 (carry)
     end scope: 'FA8bit_1/fa0/ha1:carry'
     end scope: 'FA8bit_1/fa0:co'
     begin scope: 'FA8bit_1/fa1:cin'
     begin scope: 'FA8bit_1/fa1/ha2:A'
     LUT2:I0->O            1   0.097   0.355  carry1 (carry)
     end scope: 'FA8bit_1/fa1/ha2:carry'
     LUT2:I1->O            2   0.097   0.444  co1 (co)
     end scope: 'FA8bit_1/fa1:co'
     begin scope: 'FA8bit_1/fa2:cin'
     begin scope: 'FA8bit_1/fa2/ha2:A'
     LUT2:I0->O            1   0.097   0.355  carry1 (carry)
     end scope: 'FA8bit_1/fa2/ha2:carry'
     LUT2:I1->O            2   0.097   0.444  co1 (co)
     end scope: 'FA8bit_1/fa2:co'
     begin scope: 'FA8bit_1/fa3:cin'
     begin scope: 'FA8bit_1/fa3/ha2:A'
     LUT2:I0->O            1   0.097   0.355  carry1 (carry)
     end scope: 'FA8bit_1/fa3/ha2:carry'
     LUT2:I1->O            2   0.097   0.444  co1 (co)
     end scope: 'FA8bit_1/fa3:co'
     begin scope: 'FA8bit_1/fa4:cin'
     begin scope: 'FA8bit_1/fa4/ha2:A'
     LUT2:I0->O            1   0.097   0.355  carry1 (carry)
     end scope: 'FA8bit_1/fa4/ha2:carry'
     LUT2:I1->O            2   0.097   0.444  co1 (co)
     end scope: 'FA8bit_1/fa4:co'
     begin scope: 'FA8bit_1/fa5:cin'
     begin scope: 'FA8bit_1/fa5/ha2:A'
     LUT2:I0->O            1   0.097   0.355  carry1 (carry)
     end scope: 'FA8bit_1/fa5/ha2:carry'
     LUT2:I1->O            2   0.097   0.444  co1 (co)
     end scope: 'FA8bit_1/fa5:co'
     begin scope: 'FA8bit_1/fa6:cin'
     begin scope: 'FA8bit_1/fa6/ha2:A'
     LUT2:I0->O            1   0.097   0.355  carry1 (carry)
     end scope: 'FA8bit_1/fa6/ha2:carry'
     LUT2:I1->O            2   0.097   0.444  co1 (co)
     end scope: 'FA8bit_1/fa6:co'
     begin scope: 'FA8bit_1/fa7:cin'
     begin scope: 'FA8bit_1/fa7/ha2:A'
     LUT2:I0->O            1   0.097   0.355  carry1 (carry)
     end scope: 'FA8bit_1/fa7/ha2:carry'
     LUT2:I1->O            2   0.097   0.444  co1 (co)
     end scope: 'FA8bit_1/fa7:co'
     end scope: 'FA8bit_1:co'
     begin scope: 'FA8bit_2:A<0>'
     begin scope: 'FA8bit_2/fa0:A'
     begin scope: 'FA8bit_2/fa0/ha1:A'
     LUT2:I0->O            2   0.097   0.444  carry1 (carry)
     end scope: 'FA8bit_2/fa0/ha1:carry'
     end scope: 'FA8bit_2/fa0:co'
     begin scope: 'FA8bit_2/fa1:cin'
     begin scope: 'FA8bit_2/fa1/ha2:A'
     LUT2:I0->O            1   0.097   0.355  carry1 (carry)
     end scope: 'FA8bit_2/fa1/ha2:carry'
     LUT2:I1->O            2   0.097   0.444  co1 (co)
     end scope: 'FA8bit_2/fa1:co'
     begin scope: 'FA8bit_2/fa2:cin'
     begin scope: 'FA8bit_2/fa2/ha2:A'
     LUT2:I0->O            1   0.097   0.355  carry1 (carry)
     end scope: 'FA8bit_2/fa2/ha2:carry'
     LUT2:I1->O            2   0.097   0.444  co1 (co)
     end scope: 'FA8bit_2/fa2:co'
     begin scope: 'FA8bit_2/fa3:cin'
     begin scope: 'FA8bit_2/fa3/ha2:A'
     LUT2:I0->O            1   0.097   0.355  carry1 (carry)
     end scope: 'FA8bit_2/fa3/ha2:carry'
     LUT2:I1->O            2   0.097   0.444  co1 (co)
     end scope: 'FA8bit_2/fa3:co'
     begin scope: 'FA8bit_2/fa4:cin'
     begin scope: 'FA8bit_2/fa4/ha2:A'
     LUT2:I0->O            1   0.097   0.355  carry1 (carry)
     end scope: 'FA8bit_2/fa4/ha2:carry'
     LUT2:I1->O            2   0.097   0.444  co1 (co)
     end scope: 'FA8bit_2/fa4:co'
     begin scope: 'FA8bit_2/fa5:cin'
     begin scope: 'FA8bit_2/fa5/ha2:A'
     LUT2:I0->O            1   0.097   0.355  carry1 (carry)
     end scope: 'FA8bit_2/fa5/ha2:carry'
     LUT2:I1->O            2   0.097   0.444  co1 (co)
     end scope: 'FA8bit_2/fa5:co'
     begin scope: 'FA8bit_2/fa6:cin'
     begin scope: 'FA8bit_2/fa6/ha2:A'
     LUT2:I0->O            1   0.097   0.355  carry1 (carry)
     end scope: 'FA8bit_2/fa6/ha2:carry'
     LUT2:I1->O            1   0.097   0.439  co1 (co)
     end scope: 'FA8bit_2/fa6:co'
     begin scope: 'FA8bit_2/fa7:cin'
     begin scope: 'FA8bit_2/fa7/ha2:A'
     LUT2:I0->O            1   0.097   0.355  carry1 (carry)
     end scope: 'FA8bit_2/fa7/ha2:carry'
     LUT2:I1->O            2   0.097   0.444  co1 (co)
     end scope: 'FA8bit_2/fa7:co'
     end scope: 'FA8bit_2:co'
     begin scope: 'FA8bit_3:A<0>'
     begin scope: 'FA8bit_3/fa0:A'
     begin scope: 'FA8bit_3/fa0/ha1:A'
     LUT2:I0->O            2   0.097   0.444  carry1 (carry)
     end scope: 'FA8bit_3/fa0/ha1:carry'
     end scope: 'FA8bit_3/fa0:co'
     begin scope: 'FA8bit_3/fa1:cin'
     begin scope: 'FA8bit_3/fa1/ha2:A'
     LUT2:I0->O            1   0.097   0.355  carry1 (carry)
     end scope: 'FA8bit_3/fa1/ha2:carry'
     LUT2:I1->O            2   0.097   0.444  co1 (co)
     end scope: 'FA8bit_3/fa1:co'
     begin scope: 'FA8bit_3/fa2:cin'
     begin scope: 'FA8bit_3/fa2/ha2:A'
     LUT2:I0->O            1   0.097   0.355  carry1 (carry)
     end scope: 'FA8bit_3/fa2/ha2:carry'
     LUT2:I1->O            2   0.097   0.444  co1 (co)
     end scope: 'FA8bit_3/fa2:co'
     begin scope: 'FA8bit_3/fa3:cin'
     begin scope: 'FA8bit_3/fa3/ha2:A'
     LUT2:I0->O            1   0.097   0.355  carry1 (carry)
     end scope: 'FA8bit_3/fa3/ha2:carry'
     LUT2:I1->O            2   0.097   0.444  co1 (co)
     end scope: 'FA8bit_3/fa3:co'
     begin scope: 'FA8bit_3/fa4:cin'
     begin scope: 'FA8bit_3/fa4/ha2:A'
     LUT2:I0->O            1   0.097   0.355  carry1 (carry)
     end scope: 'FA8bit_3/fa4/ha2:carry'
     LUT2:I1->O            2   0.097   0.444  co1 (co)
     end scope: 'FA8bit_3/fa4:co'
     begin scope: 'FA8bit_3/fa5:cin'
     begin scope: 'FA8bit_3/fa5/ha2:A'
     LUT2:I0->O            1   0.097   0.355  carry1 (carry)
     end scope: 'FA8bit_3/fa5/ha2:carry'
     LUT2:I1->O            2   0.097   0.444  co1 (co)
     end scope: 'FA8bit_3/fa5:co'
     begin scope: 'FA8bit_3/fa6:cin'
     begin scope: 'FA8bit_3/fa6/ha2:A'
     LUT2:I0->O            1   0.097   0.355  carry1 (carry)
     end scope: 'FA8bit_3/fa6/ha2:carry'
     LUT2:I1->O            2   0.097   0.444  co1 (co)
     end scope: 'FA8bit_3/fa6:co'
     begin scope: 'FA8bit_3/fa7:cin'
     begin scope: 'FA8bit_3/fa7/ha2:A'
     LUT2:I0->O            1   0.097   0.355  carry1 (carry)
     end scope: 'FA8bit_3/fa7/ha2:carry'
     LUT2:I1->O            2   0.097   0.444  co1 (co)
     end scope: 'FA8bit_3/fa7:co'
     end scope: 'FA8bit_3:co'
     begin scope: 'FA8bit_4:A<0>'
     begin scope: 'FA8bit_4/fa0:A'
     begin scope: 'FA8bit_4/fa0/ha1:A'
     LUT2:I0->O            2   0.097   0.444  carry1 (carry)
     end scope: 'FA8bit_4/fa0/ha1:carry'
     end scope: 'FA8bit_4/fa0:co'
     begin scope: 'FA8bit_4/fa1:cin'
     begin scope: 'FA8bit_4/fa1/ha2:A'
     LUT2:I0->O            1   0.097   0.355  carry1 (carry)
     end scope: 'FA8bit_4/fa1/ha2:carry'
     LUT2:I1->O            2   0.097   0.444  co1 (co)
     end scope: 'FA8bit_4/fa1:co'
     begin scope: 'FA8bit_4/fa2:cin'
     begin scope: 'FA8bit_4/fa2/ha2:A'
     LUT2:I0->O            1   0.097   0.355  carry1 (carry)
     end scope: 'FA8bit_4/fa2/ha2:carry'
     LUT2:I1->O            2   0.097   0.444  co1 (co)
     end scope: 'FA8bit_4/fa2:co'
     begin scope: 'FA8bit_4/fa3:cin'
     begin scope: 'FA8bit_4/fa3/ha2:A'
     LUT2:I0->O            1   0.097   0.355  carry1 (carry)
     end scope: 'FA8bit_4/fa3/ha2:carry'
     LUT2:I1->O            2   0.097   0.444  co1 (co)
     end scope: 'FA8bit_4/fa3:co'
     begin scope: 'FA8bit_4/fa4:cin'
     begin scope: 'FA8bit_4/fa4/ha2:A'
     LUT2:I0->O            1   0.097   0.355  carry1 (carry)
     end scope: 'FA8bit_4/fa4/ha2:carry'
     LUT2:I1->O            2   0.097   0.444  co1 (co)
     end scope: 'FA8bit_4/fa4:co'
     begin scope: 'FA8bit_4/fa5:cin'
     begin scope: 'FA8bit_4/fa5/ha2:A'
     LUT2:I0->O            1   0.097   0.355  carry1 (carry)
     end scope: 'FA8bit_4/fa5/ha2:carry'
     LUT2:I1->O            2   0.097   0.444  co1 (co)
     end scope: 'FA8bit_4/fa5:co'
     begin scope: 'FA8bit_4/fa6:cin'
     begin scope: 'FA8bit_4/fa6/ha2:A'
     LUT2:I0->O            1   0.097   0.355  carry1 (carry)
     end scope: 'FA8bit_4/fa6/ha2:carry'
     LUT2:I1->O            2   0.097   0.444  co1 (co)
     end scope: 'FA8bit_4/fa6:co'
     begin scope: 'FA8bit_4/fa7:cin'
     begin scope: 'FA8bit_4/fa7/ha2:A'
     LUT2:I0->O            1   0.097   0.355  carry1 (carry)
     end scope: 'FA8bit_4/fa7/ha2:carry'
     LUT2:I1->O            2   0.097   0.444  co1 (co)
     end scope: 'FA8bit_4/fa7:co'
     end scope: 'FA8bit_4:co'
     begin scope: 'FA8bit_5:A<0>'
     begin scope: 'FA8bit_5/fa0:A'
     begin scope: 'FA8bit_5/fa0/ha1:A'
     LUT2:I0->O            2   0.097   0.444  carry1 (carry)
     end scope: 'FA8bit_5/fa0/ha1:carry'
     end scope: 'FA8bit_5/fa0:co'
     begin scope: 'FA8bit_5/fa1:cin'
     begin scope: 'FA8bit_5/fa1/ha2:A'
     LUT2:I0->O            1   0.097   0.355  carry1 (carry)
     end scope: 'FA8bit_5/fa1/ha2:carry'
     LUT2:I1->O            2   0.097   0.444  co1 (co)
     end scope: 'FA8bit_5/fa1:co'
     begin scope: 'FA8bit_5/fa2:cin'
     begin scope: 'FA8bit_5/fa2/ha2:A'
     LUT2:I0->O            1   0.097   0.355  carry1 (carry)
     end scope: 'FA8bit_5/fa2/ha2:carry'
     LUT2:I1->O            2   0.097   0.444  co1 (co)
     end scope: 'FA8bit_5/fa2:co'
     begin scope: 'FA8bit_5/fa3:cin'
     begin scope: 'FA8bit_5/fa3/ha2:A'
     LUT2:I0->O            1   0.097   0.355  carry1 (carry)
     end scope: 'FA8bit_5/fa3/ha2:carry'
     LUT2:I1->O            2   0.097   0.444  co1 (co)
     end scope: 'FA8bit_5/fa3:co'
     begin scope: 'FA8bit_5/fa4:cin'
     begin scope: 'FA8bit_5/fa4/ha2:A'
     LUT2:I0->O            1   0.097   0.355  carry1 (carry)
     end scope: 'FA8bit_5/fa4/ha2:carry'
     LUT2:I1->O            2   0.097   0.444  co1 (co)
     end scope: 'FA8bit_5/fa4:co'
     begin scope: 'FA8bit_5/fa5:cin'
     begin scope: 'FA8bit_5/fa5/ha2:A'
     LUT2:I0->O            1   0.097   0.355  carry1 (carry)
     end scope: 'FA8bit_5/fa5/ha2:carry'
     LUT2:I1->O            2   0.097   0.444  co1 (co)
     end scope: 'FA8bit_5/fa5:co'
     begin scope: 'FA8bit_5/fa6:cin'
     begin scope: 'FA8bit_5/fa6/ha2:A'
     LUT2:I0->O            1   0.097   0.355  carry1 (carry)
     end scope: 'FA8bit_5/fa6/ha2:carry'
     LUT2:I1->O            2   0.097   0.444  co1 (co)
     end scope: 'FA8bit_5/fa6:co'
     begin scope: 'FA8bit_5/fa7:cin'
     begin scope: 'FA8bit_5/fa7/ha2:A'
     LUT2:I0->O            1   0.097   0.355  carry1 (carry)
     end scope: 'FA8bit_5/fa7/ha2:carry'
     LUT2:I1->O            2   0.097   0.444  co1 (co)
     end scope: 'FA8bit_5/fa7:co'
     end scope: 'FA8bit_5:co'
     begin scope: 'FA8bit_6:A<0>'
     begin scope: 'FA8bit_6/fa0:A'
     begin scope: 'FA8bit_6/fa0/ha1:A'
     LUT2:I0->O            2   0.097   0.444  carry1 (carry)
     end scope: 'FA8bit_6/fa0/ha1:carry'
     end scope: 'FA8bit_6/fa0:co'
     begin scope: 'FA8bit_6/fa1:cin'
     begin scope: 'FA8bit_6/fa1/ha2:A'
     LUT2:I0->O            1   0.097   0.355  carry1 (carry)
     end scope: 'FA8bit_6/fa1/ha2:carry'
     LUT2:I1->O            2   0.097   0.444  co1 (co)
     end scope: 'FA8bit_6/fa1:co'
     begin scope: 'FA8bit_6/fa2:cin'
     begin scope: 'FA8bit_6/fa2/ha2:A'
     LUT2:I0->O            1   0.097   0.355  carry1 (carry)
     end scope: 'FA8bit_6/fa2/ha2:carry'
     LUT2:I1->O            2   0.097   0.444  co1 (co)
     end scope: 'FA8bit_6/fa2:co'
     begin scope: 'FA8bit_6/fa3:cin'
     begin scope: 'FA8bit_6/fa3/ha2:A'
     LUT2:I0->O            1   0.097   0.355  carry1 (carry)
     end scope: 'FA8bit_6/fa3/ha2:carry'
     LUT2:I1->O            2   0.097   0.444  co1 (co)
     end scope: 'FA8bit_6/fa3:co'
     begin scope: 'FA8bit_6/fa4:cin'
     begin scope: 'FA8bit_6/fa4/ha2:A'
     LUT2:I0->O            1   0.097   0.355  carry1 (carry)
     end scope: 'FA8bit_6/fa4/ha2:carry'
     LUT2:I1->O            2   0.097   0.444  co1 (co)
     end scope: 'FA8bit_6/fa4:co'
     begin scope: 'FA8bit_6/fa5:cin'
     begin scope: 'FA8bit_6/fa5/ha2:A'
     LUT2:I0->O            1   0.097   0.355  carry1 (carry)
     end scope: 'FA8bit_6/fa5/ha2:carry'
     LUT2:I1->O            2   0.097   0.444  co1 (co)
     end scope: 'FA8bit_6/fa5:co'
     begin scope: 'FA8bit_6/fa6:cin'
     begin scope: 'FA8bit_6/fa6/ha2:A'
     LUT2:I0->O            1   0.097   0.355  carry1 (carry)
     end scope: 'FA8bit_6/fa6/ha2:carry'
     LUT2:I1->O            2   0.097   0.444  co1 (co)
     end scope: 'FA8bit_6/fa6:co'
     begin scope: 'FA8bit_6/fa7:cin'
     begin scope: 'FA8bit_6/fa7/ha2:A'
     LUT2:I0->O            1   0.097   0.355  carry1 (carry)
     end scope: 'FA8bit_6/fa7/ha2:carry'
     LUT2:I1->O            1   0.097   0.339  co1 (co)
     end scope: 'FA8bit_6/fa7:co'
     end scope: 'FA8bit_6:co'
     OBUF:I->O                 0.000          P_15_OBUF (P<15>)
    ----------------------------------------
    Total                     52.382ns (10.089ns logic, 42.293ns route)
                                       (19.3% logic, 80.7% route)

=========================================================================

Cross Clock Domains Report:
--------------------------

=========================================================================


Total REAL time to Xst completion: 39.00 secs
Total CPU time to Xst completion: 39.54 secs
 
--> 

Total memory usage is 5085468 kilobytes

Number of errors   :    0 (   0 filtered)
Number of warnings :   10 (   0 filtered)
Number of infos    :    0 (   0 filtered)

