--------------------------------------------------------------------------------
Release 14.7 Trace  (nt64)
Copyright (c) 1995-2013 Xilinx, Inc.  All rights reserved.

C:\Xilinx\14.7\ISE_DS\ISE\bin\nt64\unwrapped\trce.exe -intstyle ise -v 3 -s 3
-n 3 -fastpaths -xml adderSubtractor.twx adderSubtractor.ncd -o
adderSubtractor.twr adderSubtractor.pcf

Design file:              adderSubtractor.ncd
Physical constraint file: adderSubtractor.pcf
Device,package,speed:     xc7z010,clg400,C,-3 (PRELIMINARY 1.08 2013-10-13)
Report level:             verbose report

Environment Variable      Effect 
--------------------      ------ 
NONE                      No environment variables were set
--------------------------------------------------------------------------------

INFO:Timing:2698 - No timing constraints found, doing default enumeration.
INFO:Timing:3412 - To improve timing, see the Timing Closure User Guide (UG612).
INFO:Timing:2752 - To get complete path coverage, use the unconstrained paths 
   option. All paths that are not constrained will be reported in the 
   unconstrained paths section(s) of the report.
INFO:Timing:3339 - The clock-to-out numbers in this timing report are based on 
   a 50 Ohm transmission line loading model.  For the details of this model, 
   and for more information on accounting for different loading conditions, 
   please see the device datasheet.



Data Sheet report:
-----------------
All values displayed in nanoseconds (ns)

Pad to Pad
---------------+---------------+---------+
Source Pad     |Destination Pad|  Delay  |
---------------+---------------+---------+
A<0>           |S<0>           |    7.281|
A<0>           |S<1>           |    8.106|
A<0>           |S<2>           |    8.170|
A<0>           |S<3>           |    7.924|
A<0>           |S<4>           |    7.863|
A<0>           |S<5>           |    8.860|
A<0>           |S<6>           |    9.146|
A<0>           |S<7>           |    9.654|
A<0>           |S<8>           |    9.465|
A<0>           |S<9>           |   10.271|
A<0>           |S<10>          |    9.665|
A<0>           |S<11>          |   10.364|
A<0>           |S<12>          |   11.278|
A<0>           |S<13>          |   11.003|
A<0>           |S<14>          |   11.044|
A<0>           |S<15>          |   11.888|
A<0>           |S<16>          |   12.043|
A<0>           |S<17>          |   12.156|
A<0>           |S<18>          |   12.346|
A<0>           |S<19>          |   12.836|
A<0>           |S<20>          |   12.965|
A<0>           |S<21>          |   13.037|
A<0>           |S<22>          |   13.075|
A<0>           |S<23>          |   13.927|
A<0>           |S<24>          |   14.072|
A<0>           |S<25>          |   14.380|
A<0>           |S<26>          |   15.149|
A<0>           |S<27>          |   15.052|
A<0>           |S<28>          |   15.566|
A<0>           |S<29>          |   15.756|
A<0>           |S<30>          |   15.907|
A<0>           |S<31>          |   16.173|
A<0>           |co             |   15.617|
A<1>           |S<1>           |    8.025|
A<1>           |S<2>           |    8.084|
A<1>           |S<3>           |    8.240|
A<1>           |S<4>           |    8.179|
A<1>           |S<5>           |    9.176|
A<1>           |S<6>           |    9.462|
A<1>           |S<7>           |    9.970|
A<1>           |S<8>           |    9.781|
A<1>           |S<9>           |   10.587|
A<1>           |S<10>          |    9.981|
A<1>           |S<11>          |   10.680|
A<1>           |S<12>          |   11.594|
A<1>           |S<13>          |   11.319|
A<1>           |S<14>          |   11.360|
A<1>           |S<15>          |   12.204|
A<1>           |S<16>          |   12.359|
A<1>           |S<17>          |   12.472|
A<1>           |S<18>          |   12.662|
A<1>           |S<19>          |   13.152|
A<1>           |S<20>          |   13.281|
A<1>           |S<21>          |   13.353|
A<1>           |S<22>          |   13.391|
A<1>           |S<23>          |   14.243|
A<1>           |S<24>          |   14.388|
A<1>           |S<25>          |   14.696|
A<1>           |S<26>          |   15.465|
A<1>           |S<27>          |   15.368|
A<1>           |S<28>          |   15.882|
A<1>           |S<29>          |   16.072|
A<1>           |S<30>          |   16.223|
A<1>           |S<31>          |   16.489|
A<1>           |co             |   15.933|
A<2>           |S<2>           |    7.679|
A<2>           |S<3>           |    7.843|
A<2>           |S<4>           |    7.782|
A<2>           |S<5>           |    8.779|
A<2>           |S<6>           |    9.065|
A<2>           |S<7>           |    9.573|
A<2>           |S<8>           |    9.384|
A<2>           |S<9>           |   10.190|
A<2>           |S<10>          |    9.584|
A<2>           |S<11>          |   10.283|
A<2>           |S<12>          |   11.197|
A<2>           |S<13>          |   10.922|
A<2>           |S<14>          |   10.963|
A<2>           |S<15>          |   11.807|
A<2>           |S<16>          |   11.962|
A<2>           |S<17>          |   12.075|
A<2>           |S<18>          |   12.265|
A<2>           |S<19>          |   12.755|
A<2>           |S<20>          |   12.884|
A<2>           |S<21>          |   12.956|
A<2>           |S<22>          |   12.994|
A<2>           |S<23>          |   13.846|
A<2>           |S<24>          |   13.991|
A<2>           |S<25>          |   14.299|
A<2>           |S<26>          |   15.068|
A<2>           |S<27>          |   14.971|
A<2>           |S<28>          |   15.485|
A<2>           |S<29>          |   15.675|
A<2>           |S<30>          |   15.826|
A<2>           |S<31>          |   16.092|
A<2>           |co             |   15.536|
A<3>           |S<3>           |    7.878|
A<3>           |S<4>           |    7.569|
A<3>           |S<5>           |    8.555|
A<3>           |S<6>           |    8.841|
A<3>           |S<7>           |    9.349|
A<3>           |S<8>           |    9.160|
A<3>           |S<9>           |    9.966|
A<3>           |S<10>          |    9.360|
A<3>           |S<11>          |   10.059|
A<3>           |S<12>          |   10.973|
A<3>           |S<13>          |   10.698|
A<3>           |S<14>          |   10.739|
A<3>           |S<15>          |   11.583|
A<3>           |S<16>          |   11.738|
A<3>           |S<17>          |   11.851|
A<3>           |S<18>          |   12.041|
A<3>           |S<19>          |   12.531|
A<3>           |S<20>          |   12.660|
A<3>           |S<21>          |   12.732|
A<3>           |S<22>          |   12.770|
A<3>           |S<23>          |   13.622|
A<3>           |S<24>          |   13.767|
A<3>           |S<25>          |   14.075|
A<3>           |S<26>          |   14.844|
A<3>           |S<27>          |   14.747|
A<3>           |S<28>          |   15.261|
A<3>           |S<29>          |   15.451|
A<3>           |S<30>          |   15.602|
A<3>           |S<31>          |   15.868|
A<3>           |co             |   15.312|
A<4>           |S<4>           |    7.535|
A<4>           |S<5>           |    8.521|
A<4>           |S<6>           |    8.807|
A<4>           |S<7>           |    9.315|
A<4>           |S<8>           |    9.126|
A<4>           |S<9>           |    9.932|
A<4>           |S<10>          |    9.326|
A<4>           |S<11>          |   10.025|
A<4>           |S<12>          |   10.939|
A<4>           |S<13>          |   10.664|
A<4>           |S<14>          |   10.705|
A<4>           |S<15>          |   11.549|
A<4>           |S<16>          |   11.704|
A<4>           |S<17>          |   11.817|
A<4>           |S<18>          |   12.007|
A<4>           |S<19>          |   12.497|
A<4>           |S<20>          |   12.626|
A<4>           |S<21>          |   12.698|
A<4>           |S<22>          |   12.736|
A<4>           |S<23>          |   13.588|
A<4>           |S<24>          |   13.733|
A<4>           |S<25>          |   14.041|
A<4>           |S<26>          |   14.810|
A<4>           |S<27>          |   14.713|
A<4>           |S<28>          |   15.227|
A<4>           |S<29>          |   15.417|
A<4>           |S<30>          |   15.568|
A<4>           |S<31>          |   15.834|
A<4>           |co             |   15.278|
A<5>           |S<5>           |    7.735|
A<5>           |S<6>           |    7.806|
A<5>           |S<7>           |    8.312|
A<5>           |S<8>           |    8.123|
A<5>           |S<9>           |    8.929|
A<5>           |S<10>          |    8.323|
A<5>           |S<11>          |    9.022|
A<5>           |S<12>          |    9.936|
A<5>           |S<13>          |    9.661|
A<5>           |S<14>          |    9.702|
A<5>           |S<15>          |   10.546|
A<5>           |S<16>          |   10.701|
A<5>           |S<17>          |   10.814|
A<5>           |S<18>          |   11.004|
A<5>           |S<19>          |   11.494|
A<5>           |S<20>          |   11.623|
A<5>           |S<21>          |   11.695|
A<5>           |S<22>          |   11.733|
A<5>           |S<23>          |   12.585|
A<5>           |S<24>          |   12.730|
A<5>           |S<25>          |   13.038|
A<5>           |S<26>          |   13.807|
A<5>           |S<27>          |   13.710|
A<5>           |S<28>          |   14.224|
A<5>           |S<29>          |   14.414|
A<5>           |S<30>          |   14.565|
A<5>           |S<31>          |   14.831|
A<5>           |co             |   14.275|
A<6>           |S<6>           |    7.930|
A<6>           |S<7>           |    8.424|
A<6>           |S<8>           |    8.235|
A<6>           |S<9>           |    9.041|
A<6>           |S<10>          |    8.435|
A<6>           |S<11>          |    9.134|
A<6>           |S<12>          |   10.048|
A<6>           |S<13>          |    9.773|
A<6>           |S<14>          |    9.814|
A<6>           |S<15>          |   10.658|
A<6>           |S<16>          |   10.813|
A<6>           |S<17>          |   10.926|
A<6>           |S<18>          |   11.116|
A<6>           |S<19>          |   11.606|
A<6>           |S<20>          |   11.735|
A<6>           |S<21>          |   11.807|
A<6>           |S<22>          |   11.845|
A<6>           |S<23>          |   12.697|
A<6>           |S<24>          |   12.842|
A<6>           |S<25>          |   13.150|
A<6>           |S<26>          |   13.919|
A<6>           |S<27>          |   13.822|
A<6>           |S<28>          |   14.336|
A<6>           |S<29>          |   14.526|
A<6>           |S<30>          |   14.677|
A<6>           |S<31>          |   14.943|
A<6>           |co             |   14.387|
A<7>           |S<7>           |    7.966|
A<7>           |S<8>           |    8.093|
A<7>           |S<9>           |    8.901|
A<7>           |S<10>          |    8.295|
A<7>           |S<11>          |    8.994|
A<7>           |S<12>          |    9.908|
A<7>           |S<13>          |    9.633|
A<7>           |S<14>          |    9.674|
A<7>           |S<15>          |   10.518|
A<7>           |S<16>          |   10.673|
A<7>           |S<17>          |   10.786|
A<7>           |S<18>          |   10.976|
A<7>           |S<19>          |   11.466|
A<7>           |S<20>          |   11.595|
A<7>           |S<21>          |   11.667|
A<7>           |S<22>          |   11.705|
A<7>           |S<23>          |   12.557|
A<7>           |S<24>          |   12.702|
A<7>           |S<25>          |   13.010|
A<7>           |S<26>          |   13.779|
A<7>           |S<27>          |   13.682|
A<7>           |S<28>          |   14.196|
A<7>           |S<29>          |   14.386|
A<7>           |S<30>          |   14.537|
A<7>           |S<31>          |   14.803|
A<7>           |co             |   14.247|
A<8>           |S<8>           |    7.993|
A<8>           |S<9>           |    8.787|
A<8>           |S<10>          |    8.181|
A<8>           |S<11>          |    8.880|
A<8>           |S<12>          |    9.794|
A<8>           |S<13>          |    9.519|
A<8>           |S<14>          |    9.560|
A<8>           |S<15>          |   10.404|
A<8>           |S<16>          |   10.559|
A<8>           |S<17>          |   10.672|
A<8>           |S<18>          |   10.862|
A<8>           |S<19>          |   11.352|
A<8>           |S<20>          |   11.481|
A<8>           |S<21>          |   11.553|
A<8>           |S<22>          |   11.591|
A<8>           |S<23>          |   12.443|
A<8>           |S<24>          |   12.588|
A<8>           |S<25>          |   12.896|
A<8>           |S<26>          |   13.665|
A<8>           |S<27>          |   13.568|
A<8>           |S<28>          |   14.082|
A<8>           |S<29>          |   14.272|
A<8>           |S<30>          |   14.423|
A<8>           |S<31>          |   14.689|
A<8>           |co             |   14.133|
A<9>           |S<9>           |    7.928|
A<9>           |S<10>          |    7.875|
A<9>           |S<11>          |    8.008|
A<9>           |S<12>          |    8.922|
A<9>           |S<13>          |    8.647|
A<9>           |S<14>          |    8.688|
A<9>           |S<15>          |    9.532|
A<9>           |S<16>          |    9.687|
A<9>           |S<17>          |    9.800|
A<9>           |S<18>          |    9.990|
A<9>           |S<19>          |   10.480|
A<9>           |S<20>          |   10.609|
A<9>           |S<21>          |   10.681|
A<9>           |S<22>          |   10.719|
A<9>           |S<23>          |   11.571|
A<9>           |S<24>          |   11.716|
A<9>           |S<25>          |   12.024|
A<9>           |S<26>          |   12.793|
A<9>           |S<27>          |   12.696|
A<9>           |S<28>          |   13.210|
A<9>           |S<29>          |   13.400|
A<9>           |S<30>          |   13.551|
A<9>           |S<31>          |   13.817|
A<9>           |co             |   13.261|
A<10>          |S<10>          |    7.775|
A<10>          |S<11>          |    7.436|
A<10>          |S<12>          |    8.349|
A<10>          |S<13>          |    8.074|
A<10>          |S<14>          |    8.115|
A<10>          |S<15>          |    8.959|
A<10>          |S<16>          |    9.114|
A<10>          |S<17>          |    9.227|
A<10>          |S<18>          |    9.417|
A<10>          |S<19>          |    9.907|
A<10>          |S<20>          |   10.036|
A<10>          |S<21>          |   10.108|
A<10>          |S<22>          |   10.146|
A<10>          |S<23>          |   10.998|
A<10>          |S<24>          |   11.143|
A<10>          |S<25>          |   11.451|
A<10>          |S<26>          |   12.220|
A<10>          |S<27>          |   12.123|
A<10>          |S<28>          |   12.637|
A<10>          |S<29>          |   12.827|
A<10>          |S<30>          |   12.978|
A<10>          |S<31>          |   13.244|
A<10>          |co             |   12.688|
A<11>          |S<11>          |    7.516|
A<11>          |S<12>          |    8.442|
A<11>          |S<13>          |    8.167|
A<11>          |S<14>          |    8.208|
A<11>          |S<15>          |    9.052|
A<11>          |S<16>          |    9.207|
A<11>          |S<17>          |    9.320|
A<11>          |S<18>          |    9.510|
A<11>          |S<19>          |   10.000|
A<11>          |S<20>          |   10.129|
A<11>          |S<21>          |   10.201|
A<11>          |S<22>          |   10.239|
A<11>          |S<23>          |   11.091|
A<11>          |S<24>          |   11.236|
A<11>          |S<25>          |   11.544|
A<11>          |S<26>          |   12.313|
A<11>          |S<27>          |   12.216|
A<11>          |S<28>          |   12.730|
A<11>          |S<29>          |   12.920|
A<11>          |S<30>          |   13.071|
A<11>          |S<31>          |   13.337|
A<11>          |co             |   12.781|
A<12>          |S<12>          |    7.720|
A<12>          |S<13>          |    7.820|
A<12>          |S<14>          |    7.874|
A<12>          |S<15>          |    8.718|
A<12>          |S<16>          |    8.873|
A<12>          |S<17>          |    8.986|
A<12>          |S<18>          |    9.176|
A<12>          |S<19>          |    9.666|
A<12>          |S<20>          |    9.795|
A<12>          |S<21>          |    9.867|
A<12>          |S<22>          |    9.905|
A<12>          |S<23>          |   10.757|
A<12>          |S<24>          |   10.902|
A<12>          |S<25>          |   11.210|
A<12>          |S<26>          |   11.979|
A<12>          |S<27>          |   11.882|
A<12>          |S<28>          |   12.396|
A<12>          |S<29>          |   12.586|
A<12>          |S<30>          |   12.737|
A<12>          |S<31>          |   13.003|
A<12>          |co             |   12.447|
A<13>          |S<13>          |    7.645|
A<13>          |S<14>          |    7.686|
A<13>          |S<15>          |    8.530|
A<13>          |S<16>          |    8.685|
A<13>          |S<17>          |    8.798|
A<13>          |S<18>          |    8.988|
A<13>          |S<19>          |    9.478|
A<13>          |S<20>          |    9.607|
A<13>          |S<21>          |    9.679|
A<13>          |S<22>          |    9.717|
A<13>          |S<23>          |   10.569|
A<13>          |S<24>          |   10.714|
A<13>          |S<25>          |   11.022|
A<13>          |S<26>          |   11.791|
A<13>          |S<27>          |   11.694|
A<13>          |S<28>          |   12.208|
A<13>          |S<29>          |   12.398|
A<13>          |S<30>          |   12.549|
A<13>          |S<31>          |   12.815|
A<13>          |co             |   12.259|
A<14>          |S<14>          |    7.589|
A<14>          |S<15>          |    8.266|
A<14>          |S<16>          |    8.433|
A<14>          |S<17>          |    8.546|
A<14>          |S<18>          |    8.736|
A<14>          |S<19>          |    9.226|
A<14>          |S<20>          |    9.355|
A<14>          |S<21>          |    9.427|
A<14>          |S<22>          |    9.465|
A<14>          |S<23>          |   10.317|
A<14>          |S<24>          |   10.462|
A<14>          |S<25>          |   10.770|
A<14>          |S<26>          |   11.539|
A<14>          |S<27>          |   11.442|
A<14>          |S<28>          |   11.956|
A<14>          |S<29>          |   12.146|
A<14>          |S<30>          |   12.297|
A<14>          |S<31>          |   12.563|
A<14>          |co             |   12.007|
A<15>          |S<15>          |    7.915|
A<15>          |S<16>          |    8.069|
A<15>          |S<17>          |    8.182|
A<15>          |S<18>          |    8.372|
A<15>          |S<19>          |    8.862|
A<15>          |S<20>          |    8.991|
A<15>          |S<21>          |    9.063|
A<15>          |S<22>          |    9.101|
A<15>          |S<23>          |    9.953|
A<15>          |S<24>          |   10.098|
A<15>          |S<25>          |   10.406|
A<15>          |S<26>          |   11.175|
A<15>          |S<27>          |   11.078|
A<15>          |S<28>          |   11.592|
A<15>          |S<29>          |   11.782|
A<15>          |S<30>          |   11.933|
A<15>          |S<31>          |   12.199|
A<15>          |co             |   11.643|
A<16>          |S<16>          |    7.732|
A<16>          |S<17>          |    7.730|
A<16>          |S<18>          |    7.909|
A<16>          |S<19>          |    8.399|
A<16>          |S<20>          |    8.528|
A<16>          |S<21>          |    8.600|
A<16>          |S<22>          |    8.638|
A<16>          |S<23>          |    9.490|
A<16>          |S<24>          |    9.635|
A<16>          |S<25>          |    9.943|
A<16>          |S<26>          |   10.712|
A<16>          |S<27>          |   10.615|
A<16>          |S<28>          |   11.129|
A<16>          |S<29>          |   11.319|
A<16>          |S<30>          |   11.470|
A<16>          |S<31>          |   11.736|
A<16>          |co             |   11.180|
A<17>          |S<17>          |    7.705|
A<17>          |S<18>          |    7.897|
A<17>          |S<19>          |    8.387|
A<17>          |S<20>          |    8.516|
A<17>          |S<21>          |    8.588|
A<17>          |S<22>          |    8.626|
A<17>          |S<23>          |    9.478|
A<17>          |S<24>          |    9.623|
A<17>          |S<25>          |    9.931|
A<17>          |S<26>          |   10.700|
A<17>          |S<27>          |   10.603|
A<17>          |S<28>          |   11.117|
A<17>          |S<29>          |   11.307|
A<17>          |S<30>          |   11.458|
A<17>          |S<31>          |   11.724|
A<17>          |co             |   11.168|
A<18>          |S<18>          |    7.782|
A<18>          |S<19>          |    8.106|
A<18>          |S<20>          |    8.247|
A<18>          |S<21>          |    8.319|
A<18>          |S<22>          |    8.357|
A<18>          |S<23>          |    9.209|
A<18>          |S<24>          |    9.354|
A<18>          |S<25>          |    9.662|
A<18>          |S<26>          |   10.431|
A<18>          |S<27>          |   10.334|
A<18>          |S<28>          |   10.848|
A<18>          |S<29>          |   11.038|
A<18>          |S<30>          |   11.189|
A<18>          |S<31>          |   11.455|
A<18>          |co             |   10.899|
A<19>          |S<19>          |    7.893|
A<19>          |S<20>          |    8.021|
A<19>          |S<21>          |    8.093|
A<19>          |S<22>          |    8.131|
A<19>          |S<23>          |    8.983|
A<19>          |S<24>          |    9.128|
A<19>          |S<25>          |    9.436|
A<19>          |S<26>          |   10.205|
A<19>          |S<27>          |   10.108|
A<19>          |S<28>          |   10.622|
A<19>          |S<29>          |   10.812|
A<19>          |S<30>          |   10.963|
A<19>          |S<31>          |   11.229|
A<19>          |co             |   10.673|
A<20>          |S<20>          |    7.874|
A<20>          |S<21>          |    7.559|
A<20>          |S<22>          |    7.608|
A<20>          |S<23>          |    8.460|
A<20>          |S<24>          |    8.605|
A<20>          |S<25>          |    8.913|
A<20>          |S<26>          |    9.682|
A<20>          |S<27>          |    9.585|
A<20>          |S<28>          |   10.099|
A<20>          |S<29>          |   10.289|
A<20>          |S<30>          |   10.440|
A<20>          |S<31>          |   10.706|
A<20>          |co             |   10.150|
A<21>          |S<21>          |    7.411|
A<21>          |S<22>          |    7.464|
A<21>          |S<23>          |    8.316|
A<21>          |S<24>          |    8.461|
A<21>          |S<25>          |    8.769|
A<21>          |S<26>          |    9.538|
A<21>          |S<27>          |    9.441|
A<21>          |S<28>          |    9.955|
A<21>          |S<29>          |   10.145|
A<21>          |S<30>          |   10.296|
A<21>          |S<31>          |   10.562|
A<21>          |co             |   10.006|
A<22>          |S<22>          |    7.462|
A<22>          |S<23>          |    7.961|
A<22>          |S<24>          |    8.116|
A<22>          |S<25>          |    8.424|
A<22>          |S<26>          |    9.193|
A<22>          |S<27>          |    9.096|
A<22>          |S<28>          |    9.610|
A<22>          |S<29>          |    9.800|
A<22>          |S<30>          |    9.951|
A<22>          |S<31>          |   10.217|
A<22>          |co             |    9.661|
A<23>          |S<23>          |    7.786|
A<23>          |S<24>          |    7.930|
A<23>          |S<25>          |    8.238|
A<23>          |S<26>          |    9.007|
A<23>          |S<27>          |    8.910|
A<23>          |S<28>          |    9.424|
A<23>          |S<29>          |    9.614|
A<23>          |S<30>          |    9.765|
A<23>          |S<31>          |   10.031|
A<23>          |co             |    9.475|
A<24>          |S<24>          |    7.649|
A<24>          |S<25>          |    7.700|
A<24>          |S<26>          |    8.469|
A<24>          |S<27>          |    8.372|
A<24>          |S<28>          |    8.886|
A<24>          |S<29>          |    9.076|
A<24>          |S<30>          |    9.227|
A<24>          |S<31>          |    9.493|
A<24>          |co             |    8.937|
A<25>          |S<25>          |    7.311|
A<25>          |S<26>          |    8.091|
A<25>          |S<27>          |    7.994|
A<25>          |S<28>          |    8.508|
A<25>          |S<29>          |    8.698|
A<25>          |S<30>          |    8.849|
A<25>          |S<31>          |    9.115|
A<25>          |co             |    8.559|
A<26>          |S<26>          |    7.592|
A<26>          |S<27>          |    7.922|
A<26>          |S<28>          |    8.435|
A<26>          |S<29>          |    8.625|
A<26>          |S<30>          |    8.776|
A<26>          |S<31>          |    9.042|
A<26>          |co             |    8.486|
A<27>          |S<27>          |    8.151|
A<27>          |S<28>          |    8.677|
A<27>          |S<29>          |    8.867|
A<27>          |S<30>          |    9.018|
A<27>          |S<31>          |    9.284|
A<27>          |co             |    8.728|
A<28>          |S<28>          |    7.574|
A<28>          |S<29>          |    8.178|
A<28>          |S<30>          |    8.317|
A<28>          |S<31>          |    8.583|
A<28>          |co             |    8.027|
A<29>          |S<29>          |    7.701|
A<29>          |S<30>          |    7.840|
A<29>          |S<31>          |    8.106|
A<29>          |co             |    7.550|
A<30>          |S<30>          |    7.851|
A<30>          |S<31>          |    8.053|
A<30>          |co             |    7.499|
A<31>          |S<31>          |    7.555|
A<31>          |co             |    6.987|
B<0>           |S<0>           |    6.259|
B<0>           |S<1>           |    7.086|
B<0>           |S<2>           |    7.154|
B<0>           |S<3>           |    7.628|
B<0>           |S<4>           |    7.567|
B<0>           |S<5>           |    8.564|
B<0>           |S<6>           |    8.850|
B<0>           |S<7>           |    9.358|
B<0>           |S<8>           |    9.169|
B<0>           |S<9>           |    9.975|
B<0>           |S<10>          |    9.369|
B<0>           |S<11>          |   10.068|
B<0>           |S<12>          |   10.982|
B<0>           |S<13>          |   10.707|
B<0>           |S<14>          |   10.748|
B<0>           |S<15>          |   11.592|
B<0>           |S<16>          |   11.747|
B<0>           |S<17>          |   11.860|
B<0>           |S<18>          |   12.050|
B<0>           |S<19>          |   12.540|
B<0>           |S<20>          |   12.669|
B<0>           |S<21>          |   12.741|
B<0>           |S<22>          |   12.779|
B<0>           |S<23>          |   13.631|
B<0>           |S<24>          |   13.776|
B<0>           |S<25>          |   14.084|
B<0>           |S<26>          |   14.853|
B<0>           |S<27>          |   14.756|
B<0>           |S<28>          |   15.270|
B<0>           |S<29>          |   15.460|
B<0>           |S<30>          |   15.611|
B<0>           |S<31>          |   15.877|
B<0>           |co             |   15.321|
B<1>           |S<1>           |    7.222|
B<1>           |S<2>           |    7.268|
B<1>           |S<3>           |    7.598|
B<1>           |S<4>           |    7.537|
B<1>           |S<5>           |    8.534|
B<1>           |S<6>           |    8.820|
B<1>           |S<7>           |    9.328|
B<1>           |S<8>           |    9.139|
B<1>           |S<9>           |    9.945|
B<1>           |S<10>          |    9.339|
B<1>           |S<11>          |   10.038|
B<1>           |S<12>          |   10.952|
B<1>           |S<13>          |   10.677|
B<1>           |S<14>          |   10.718|
B<1>           |S<15>          |   11.562|
B<1>           |S<16>          |   11.717|
B<1>           |S<17>          |   11.830|
B<1>           |S<18>          |   12.020|
B<1>           |S<19>          |   12.510|
B<1>           |S<20>          |   12.639|
B<1>           |S<21>          |   12.711|
B<1>           |S<22>          |   12.749|
B<1>           |S<23>          |   13.601|
B<1>           |S<24>          |   13.746|
B<1>           |S<25>          |   14.054|
B<1>           |S<26>          |   14.823|
B<1>           |S<27>          |   14.726|
B<1>           |S<28>          |   15.240|
B<1>           |S<29>          |   15.430|
B<1>           |S<30>          |   15.581|
B<1>           |S<31>          |   15.847|
B<1>           |co             |   15.291|
B<2>           |S<2>           |    7.430|
B<2>           |S<3>           |    7.425|
B<2>           |S<4>           |    7.364|
B<2>           |S<5>           |    8.361|
B<2>           |S<6>           |    8.647|
B<2>           |S<7>           |    9.155|
B<2>           |S<8>           |    8.966|
B<2>           |S<9>           |    9.772|
B<2>           |S<10>          |    9.166|
B<2>           |S<11>          |    9.865|
B<2>           |S<12>          |   10.779|
B<2>           |S<13>          |   10.504|
B<2>           |S<14>          |   10.545|
B<2>           |S<15>          |   11.389|
B<2>           |S<16>          |   11.544|
B<2>           |S<17>          |   11.657|
B<2>           |S<18>          |   11.847|
B<2>           |S<19>          |   12.337|
B<2>           |S<20>          |   12.466|
B<2>           |S<21>          |   12.538|
B<2>           |S<22>          |   12.576|
B<2>           |S<23>          |   13.428|
B<2>           |S<24>          |   13.573|
B<2>           |S<25>          |   13.881|
B<2>           |S<26>          |   14.650|
B<2>           |S<27>          |   14.553|
B<2>           |S<28>          |   15.067|
B<2>           |S<29>          |   15.257|
B<2>           |S<30>          |   15.408|
B<2>           |S<31>          |   15.674|
B<2>           |co             |   15.118|
B<3>           |S<3>           |    7.509|
B<3>           |S<4>           |    7.356|
B<3>           |S<5>           |    8.355|
B<3>           |S<6>           |    8.641|
B<3>           |S<7>           |    9.149|
B<3>           |S<8>           |    8.960|
B<3>           |S<9>           |    9.766|
B<3>           |S<10>          |    9.160|
B<3>           |S<11>          |    9.859|
B<3>           |S<12>          |   10.773|
B<3>           |S<13>          |   10.498|
B<3>           |S<14>          |   10.539|
B<3>           |S<15>          |   11.383|
B<3>           |S<16>          |   11.538|
B<3>           |S<17>          |   11.651|
B<3>           |S<18>          |   11.841|
B<3>           |S<19>          |   12.331|
B<3>           |S<20>          |   12.460|
B<3>           |S<21>          |   12.532|
B<3>           |S<22>          |   12.570|
B<3>           |S<23>          |   13.422|
B<3>           |S<24>          |   13.567|
B<3>           |S<25>          |   13.875|
B<3>           |S<26>          |   14.644|
B<3>           |S<27>          |   14.547|
B<3>           |S<28>          |   15.061|
B<3>           |S<29>          |   15.251|
B<3>           |S<30>          |   15.402|
B<3>           |S<31>          |   15.668|
B<3>           |co             |   15.112|
B<4>           |S<4>           |    7.388|
B<4>           |S<5>           |    8.389|
B<4>           |S<6>           |    8.675|
B<4>           |S<7>           |    9.183|
B<4>           |S<8>           |    8.994|
B<4>           |S<9>           |    9.800|
B<4>           |S<10>          |    9.194|
B<4>           |S<11>          |    9.893|
B<4>           |S<12>          |   10.807|
B<4>           |S<13>          |   10.532|
B<4>           |S<14>          |   10.573|
B<4>           |S<15>          |   11.417|
B<4>           |S<16>          |   11.572|
B<4>           |S<17>          |   11.685|
B<4>           |S<18>          |   11.875|
B<4>           |S<19>          |   12.365|
B<4>           |S<20>          |   12.494|
B<4>           |S<21>          |   12.566|
B<4>           |S<22>          |   12.604|
B<4>           |S<23>          |   13.456|
B<4>           |S<24>          |   13.601|
B<4>           |S<25>          |   13.909|
B<4>           |S<26>          |   14.678|
B<4>           |S<27>          |   14.581|
B<4>           |S<28>          |   15.095|
B<4>           |S<29>          |   15.285|
B<4>           |S<30>          |   15.436|
B<4>           |S<31>          |   15.702|
B<4>           |co             |   15.146|
B<5>           |S<5>           |    7.402|
B<5>           |S<6>           |    7.438|
B<5>           |S<7>           |    7.932|
B<5>           |S<8>           |    7.743|
B<5>           |S<9>           |    8.549|
B<5>           |S<10>          |    7.943|
B<5>           |S<11>          |    8.642|
B<5>           |S<12>          |    9.556|
B<5>           |S<13>          |    9.281|
B<5>           |S<14>          |    9.322|
B<5>           |S<15>          |   10.166|
B<5>           |S<16>          |   10.321|
B<5>           |S<17>          |   10.434|
B<5>           |S<18>          |   10.624|
B<5>           |S<19>          |   11.114|
B<5>           |S<20>          |   11.243|
B<5>           |S<21>          |   11.315|
B<5>           |S<22>          |   11.353|
B<5>           |S<23>          |   12.205|
B<5>           |S<24>          |   12.350|
B<5>           |S<25>          |   12.658|
B<5>           |S<26>          |   13.427|
B<5>           |S<27>          |   13.330|
B<5>           |S<28>          |   13.844|
B<5>           |S<29>          |   14.034|
B<5>           |S<30>          |   14.185|
B<5>           |S<31>          |   14.451|
B<5>           |co             |   13.895|
B<6>           |S<6>           |    8.084|
B<6>           |S<7>           |    8.590|
B<6>           |S<8>           |    8.401|
B<6>           |S<9>           |    9.207|
B<6>           |S<10>          |    8.601|
B<6>           |S<11>          |    9.300|
B<6>           |S<12>          |   10.214|
B<6>           |S<13>          |    9.939|
B<6>           |S<14>          |    9.980|
B<6>           |S<15>          |   10.824|
B<6>           |S<16>          |   10.979|
B<6>           |S<17>          |   11.092|
B<6>           |S<18>          |   11.282|
B<6>           |S<19>          |   11.772|
B<6>           |S<20>          |   11.901|
B<6>           |S<21>          |   11.973|
B<6>           |S<22>          |   12.011|
B<6>           |S<23>          |   12.863|
B<6>           |S<24>          |   13.008|
B<6>           |S<25>          |   13.316|
B<6>           |S<26>          |   14.085|
B<6>           |S<27>          |   13.988|
B<6>           |S<28>          |   14.502|
B<6>           |S<29>          |   14.692|
B<6>           |S<30>          |   14.843|
B<6>           |S<31>          |   15.109|
B<6>           |co             |   14.553|
B<7>           |S<7>           |    7.090|
B<7>           |S<8>           |    7.506|
B<7>           |S<9>           |    8.315|
B<7>           |S<10>          |    7.709|
B<7>           |S<11>          |    8.408|
B<7>           |S<12>          |    9.322|
B<7>           |S<13>          |    9.047|
B<7>           |S<14>          |    9.088|
B<7>           |S<15>          |    9.932|
B<7>           |S<16>          |   10.087|
B<7>           |S<17>          |   10.200|
B<7>           |S<18>          |   10.390|
B<7>           |S<19>          |   10.880|
B<7>           |S<20>          |   11.009|
B<7>           |S<21>          |   11.081|
B<7>           |S<22>          |   11.119|
B<7>           |S<23>          |   11.971|
B<7>           |S<24>          |   12.116|
B<7>           |S<25>          |   12.424|
B<7>           |S<26>          |   13.193|
B<7>           |S<27>          |   13.096|
B<7>           |S<28>          |   13.610|
B<7>           |S<29>          |   13.800|
B<7>           |S<30>          |   13.951|
B<7>           |S<31>          |   14.217|
B<7>           |co             |   13.661|
B<8>           |S<8>           |    7.441|
B<8>           |S<9>           |    8.236|
B<8>           |S<10>          |    7.630|
B<8>           |S<11>          |    8.329|
B<8>           |S<12>          |    9.243|
B<8>           |S<13>          |    8.968|
B<8>           |S<14>          |    9.009|
B<8>           |S<15>          |    9.853|
B<8>           |S<16>          |   10.008|
B<8>           |S<17>          |   10.121|
B<8>           |S<18>          |   10.311|
B<8>           |S<19>          |   10.801|
B<8>           |S<20>          |   10.930|
B<8>           |S<21>          |   11.002|
B<8>           |S<22>          |   11.040|
B<8>           |S<23>          |   11.892|
B<8>           |S<24>          |   12.037|
B<8>           |S<25>          |   12.345|
B<8>           |S<26>          |   13.114|
B<8>           |S<27>          |   13.017|
B<8>           |S<28>          |   13.531|
B<8>           |S<29>          |   13.721|
B<8>           |S<30>          |   13.872|
B<8>           |S<31>          |   14.138|
B<8>           |co             |   13.582|
B<9>           |S<9>           |    7.316|
B<9>           |S<10>          |    7.277|
B<9>           |S<11>          |    7.407|
B<9>           |S<12>          |    8.321|
B<9>           |S<13>          |    8.046|
B<9>           |S<14>          |    8.087|
B<9>           |S<15>          |    8.931|
B<9>           |S<16>          |    9.086|
B<9>           |S<17>          |    9.199|
B<9>           |S<18>          |    9.389|
B<9>           |S<19>          |    9.879|
B<9>           |S<20>          |   10.008|
B<9>           |S<21>          |   10.080|
B<9>           |S<22>          |   10.118|
B<9>           |S<23>          |   10.970|
B<9>           |S<24>          |   11.115|
B<9>           |S<25>          |   11.423|
B<9>           |S<26>          |   12.192|
B<9>           |S<27>          |   12.095|
B<9>           |S<28>          |   12.609|
B<9>           |S<29>          |   12.799|
B<9>           |S<30>          |   12.950|
B<9>           |S<31>          |   13.216|
B<9>           |co             |   12.660|
B<10>          |S<10>          |    7.244|
B<10>          |S<11>          |    7.300|
B<10>          |S<12>          |    8.226|
B<10>          |S<13>          |    7.951|
B<10>          |S<14>          |    7.992|
B<10>          |S<15>          |    8.836|
B<10>          |S<16>          |    8.991|
B<10>          |S<17>          |    9.104|
B<10>          |S<18>          |    9.294|
B<10>          |S<19>          |    9.784|
B<10>          |S<20>          |    9.913|
B<10>          |S<21>          |    9.985|
B<10>          |S<22>          |   10.023|
B<10>          |S<23>          |   10.875|
B<10>          |S<24>          |   11.020|
B<10>          |S<25>          |   11.328|
B<10>          |S<26>          |   12.097|
B<10>          |S<27>          |   12.000|
B<10>          |S<28>          |   12.514|
B<10>          |S<29>          |   12.704|
B<10>          |S<30>          |   12.855|
B<10>          |S<31>          |   13.121|
B<10>          |co             |   12.565|
B<11>          |S<11>          |    6.874|
B<11>          |S<12>          |    7.798|
B<11>          |S<13>          |    7.523|
B<11>          |S<14>          |    7.564|
B<11>          |S<15>          |    8.408|
B<11>          |S<16>          |    8.563|
B<11>          |S<17>          |    8.676|
B<11>          |S<18>          |    8.866|
B<11>          |S<19>          |    9.356|
B<11>          |S<20>          |    9.485|
B<11>          |S<21>          |    9.557|
B<11>          |S<22>          |    9.595|
B<11>          |S<23>          |   10.447|
B<11>          |S<24>          |   10.592|
B<11>          |S<25>          |   10.900|
B<11>          |S<26>          |   11.669|
B<11>          |S<27>          |   11.572|
B<11>          |S<28>          |   12.086|
B<11>          |S<29>          |   12.276|
B<11>          |S<30>          |   12.427|
B<11>          |S<31>          |   12.693|
B<11>          |co             |   12.137|
B<12>          |S<12>          |    7.337|
B<12>          |S<13>          |    7.013|
B<12>          |S<14>          |    7.065|
B<12>          |S<15>          |    7.909|
B<12>          |S<16>          |    8.064|
B<12>          |S<17>          |    8.177|
B<12>          |S<18>          |    8.367|
B<12>          |S<19>          |    8.857|
B<12>          |S<20>          |    8.986|
B<12>          |S<21>          |    9.058|
B<12>          |S<22>          |    9.096|
B<12>          |S<23>          |    9.948|
B<12>          |S<24>          |   10.093|
B<12>          |S<25>          |   10.401|
B<12>          |S<26>          |   11.170|
B<12>          |S<27>          |   11.073|
B<12>          |S<28>          |   11.587|
B<12>          |S<29>          |   11.777|
B<12>          |S<30>          |   11.928|
B<12>          |S<31>          |   12.194|
B<12>          |co             |   11.638|
B<13>          |S<13>          |    7.280|
B<13>          |S<14>          |    7.336|
B<13>          |S<15>          |    8.180|
B<13>          |S<16>          |    8.335|
B<13>          |S<17>          |    8.448|
B<13>          |S<18>          |    8.638|
B<13>          |S<19>          |    9.128|
B<13>          |S<20>          |    9.257|
B<13>          |S<21>          |    9.329|
B<13>          |S<22>          |    9.367|
B<13>          |S<23>          |   10.219|
B<13>          |S<24>          |   10.364|
B<13>          |S<25>          |   10.672|
B<13>          |S<26>          |   11.441|
B<13>          |S<27>          |   11.344|
B<13>          |S<28>          |   11.858|
B<13>          |S<29>          |   12.048|
B<13>          |S<30>          |   12.199|
B<13>          |S<31>          |   12.465|
B<13>          |co             |   11.909|
B<14>          |S<14>          |    6.765|
B<14>          |S<15>          |    7.697|
B<14>          |S<16>          |    7.864|
B<14>          |S<17>          |    7.977|
B<14>          |S<18>          |    8.167|
B<14>          |S<19>          |    8.657|
B<14>          |S<20>          |    8.786|
B<14>          |S<21>          |    8.858|
B<14>          |S<22>          |    8.896|
B<14>          |S<23>          |    9.748|
B<14>          |S<24>          |    9.893|
B<14>          |S<25>          |   10.201|
B<14>          |S<26>          |   10.970|
B<14>          |S<27>          |   10.873|
B<14>          |S<28>          |   11.387|
B<14>          |S<29>          |   11.577|
B<14>          |S<30>          |   11.728|
B<14>          |S<31>          |   11.994|
B<14>          |co             |   11.438|
B<15>          |S<15>          |    7.345|
B<15>          |S<16>          |    7.510|
B<15>          |S<17>          |    7.623|
B<15>          |S<18>          |    7.813|
B<15>          |S<19>          |    8.303|
B<15>          |S<20>          |    8.432|
B<15>          |S<21>          |    8.504|
B<15>          |S<22>          |    8.542|
B<15>          |S<23>          |    9.394|
B<15>          |S<24>          |    9.539|
B<15>          |S<25>          |    9.847|
B<15>          |S<26>          |   10.616|
B<15>          |S<27>          |   10.519|
B<15>          |S<28>          |   11.033|
B<15>          |S<29>          |   11.223|
B<15>          |S<30>          |   11.374|
B<15>          |S<31>          |   11.640|
B<15>          |co             |   11.084|
B<16>          |S<16>          |    7.281|
B<16>          |S<17>          |    7.412|
B<16>          |S<18>          |    7.606|
B<16>          |S<19>          |    8.096|
B<16>          |S<20>          |    8.225|
B<16>          |S<21>          |    8.297|
B<16>          |S<22>          |    8.335|
B<16>          |S<23>          |    9.187|
B<16>          |S<24>          |    9.332|
B<16>          |S<25>          |    9.640|
B<16>          |S<26>          |   10.409|
B<16>          |S<27>          |   10.312|
B<16>          |S<28>          |   10.826|
B<16>          |S<29>          |   11.016|
B<16>          |S<30>          |   11.167|
B<16>          |S<31>          |   11.433|
B<16>          |co             |   10.877|
B<17>          |S<17>          |    7.266|
B<17>          |S<18>          |    7.445|
B<17>          |S<19>          |    7.935|
B<17>          |S<20>          |    8.064|
B<17>          |S<21>          |    8.136|
B<17>          |S<22>          |    8.174|
B<17>          |S<23>          |    9.026|
B<17>          |S<24>          |    9.171|
B<17>          |S<25>          |    9.479|
B<17>          |S<26>          |   10.248|
B<17>          |S<27>          |   10.151|
B<17>          |S<28>          |   10.665|
B<17>          |S<29>          |   10.855|
B<17>          |S<30>          |   11.006|
B<17>          |S<31>          |   11.272|
B<17>          |co             |   10.716|
B<18>          |S<18>          |    7.196|
B<18>          |S<19>          |    7.774|
B<18>          |S<20>          |    7.915|
B<18>          |S<21>          |    7.987|
B<18>          |S<22>          |    8.025|
B<18>          |S<23>          |    8.877|
B<18>          |S<24>          |    9.022|
B<18>          |S<25>          |    9.330|
B<18>          |S<26>          |   10.099|
B<18>          |S<27>          |   10.002|
B<18>          |S<28>          |   10.516|
B<18>          |S<29>          |   10.706|
B<18>          |S<30>          |   10.857|
B<18>          |S<31>          |   11.123|
B<18>          |co             |   10.567|
B<19>          |S<19>          |    7.342|
B<19>          |S<20>          |    7.481|
B<19>          |S<21>          |    7.553|
B<19>          |S<22>          |    7.591|
B<19>          |S<23>          |    8.443|
B<19>          |S<24>          |    8.588|
B<19>          |S<25>          |    8.896|
B<19>          |S<26>          |    9.665|
B<19>          |S<27>          |    9.568|
B<19>          |S<28>          |   10.082|
B<19>          |S<29>          |   10.272|
B<19>          |S<30>          |   10.423|
B<19>          |S<31>          |   10.689|
B<19>          |co             |   10.133|
B<20>          |S<20>          |    7.065|
B<20>          |S<21>          |    7.115|
B<20>          |S<22>          |    7.153|
B<20>          |S<23>          |    8.005|
B<20>          |S<24>          |    8.150|
B<20>          |S<25>          |    8.458|
B<20>          |S<26>          |    9.227|
B<20>          |S<27>          |    9.130|
B<20>          |S<28>          |    9.644|
B<20>          |S<29>          |    9.834|
B<20>          |S<30>          |    9.985|
B<20>          |S<31>          |   10.251|
B<20>          |co             |    9.695|
B<21>          |S<21>          |    7.207|
B<21>          |S<22>          |    7.258|
B<21>          |S<23>          |    8.110|
B<21>          |S<24>          |    8.255|
B<21>          |S<25>          |    8.563|
B<21>          |S<26>          |    9.332|
B<21>          |S<27>          |    9.235|
B<21>          |S<28>          |    9.749|
B<21>          |S<29>          |    9.939|
B<21>          |S<30>          |   10.090|
B<21>          |S<31>          |   10.356|
B<21>          |co             |    9.800|
B<22>          |S<22>          |    6.663|
B<22>          |S<23>          |    7.603|
B<22>          |S<24>          |    7.760|
B<22>          |S<25>          |    8.068|
B<22>          |S<26>          |    8.837|
B<22>          |S<27>          |    8.740|
B<22>          |S<28>          |    9.254|
B<22>          |S<29>          |    9.444|
B<22>          |S<30>          |    9.595|
B<22>          |S<31>          |    9.861|
B<22>          |co             |    9.305|
B<23>          |S<23>          |    7.659|
B<23>          |S<24>          |    7.816|
B<23>          |S<25>          |    8.124|
B<23>          |S<26>          |    8.893|
B<23>          |S<27>          |    8.796|
B<23>          |S<28>          |    9.310|
B<23>          |S<29>          |    9.500|
B<23>          |S<30>          |    9.651|
B<23>          |S<31>          |    9.917|
B<23>          |co             |    9.361|
B<24>          |S<24>          |    7.508|
B<24>          |S<25>          |    7.433|
B<24>          |S<26>          |    8.217|
B<24>          |S<27>          |    8.120|
B<24>          |S<28>          |    8.634|
B<24>          |S<29>          |    8.824|
B<24>          |S<30>          |    8.975|
B<24>          |S<31>          |    9.241|
B<24>          |co             |    8.685|
B<25>          |S<25>          |    7.351|
B<25>          |S<26>          |    8.133|
B<25>          |S<27>          |    8.036|
B<25>          |S<28>          |    8.550|
B<25>          |S<29>          |    8.740|
B<25>          |S<30>          |    8.891|
B<25>          |S<31>          |    9.157|
B<25>          |co             |    8.601|
B<26>          |S<26>          |    7.230|
B<26>          |S<27>          |    7.266|
B<26>          |S<28>          |    7.790|
B<26>          |S<29>          |    7.980|
B<26>          |S<30>          |    8.131|
B<26>          |S<31>          |    8.397|
B<26>          |co             |    7.841|
B<27>          |S<27>          |    7.583|
B<27>          |S<28>          |    8.109|
B<27>          |S<29>          |    8.299|
B<27>          |S<30>          |    8.450|
B<27>          |S<31>          |    8.716|
B<27>          |co             |    8.160|
B<28>          |S<28>          |    7.263|
B<28>          |S<29>          |    7.320|
B<28>          |S<30>          |    7.471|
B<28>          |S<31>          |    7.737|
B<28>          |co             |    7.181|
B<29>          |S<29>          |    7.454|
B<29>          |S<30>          |    7.607|
B<29>          |S<31>          |    7.873|
B<29>          |co             |    7.317|
B<30>          |S<30>          |    7.612|
B<30>          |S<31>          |    7.578|
B<30>          |co             |    7.010|
B<31>          |S<31>          |    7.562|
B<31>          |co             |    7.006|
---------------+---------------+---------+


Analysis completed Sun Jan 24 09:26:53 2021 
--------------------------------------------------------------------------------

Trace Settings:
-------------------------
Trace Settings 

Peak Memory Usage: 4958 MB



