Running: C:\Xilinx\14.7\ISE_DS\ISE\bin\nt64\unwrapped\fuse.exe -intstyle ise -incremental -lib unisims_ver -lib unimacro_ver -lib xilinxcorelib_ver -lib secureip -o E:/git/LCF99/codes/Module05/LightDanceUtils_isim_beh.exe -prj E:/git/LCF99/codes/Module05/LightDanceUtils_beh.prj work.LightDanceUtils work.glbl 
ISim P.20131013 (signature 0x7708f090)
Number of CPUs detected in this system: 8
Turning on mult-threading, number of parallel sub-compilation jobs: 16 
Determining compilation order of HDL files
Analyzing Verilog file "E:/git/LCF99/codes/Module05/DFlop.v" into library work
Analyzing Verilog file "E:/git/LCF99/codes/Module05/LightDance.v" into library work
Analyzing Verilog file "E:/git/LCF99/codes/Module05/LightDanceUtils.v" into library work
Analyzing Verilog file "C:/Xilinx/14.7/ISE_DS/ISE//verilog/src/glbl.v" into library work
Starting static elaboration
Completed static elaboration
Compiling module DFlop
Compiling module LightDance
Compiling module LightDanceUtils
Compiling module glbl
Time Resolution for simulation is 1ps.
Waiting for 1 sub-compilation(s) to finish...
Compiled 4 Verilog Units
Built simulation executable E:/git/LCF99/codes/Module05/LightDanceUtils_isim_beh.exe
Fuse Memory Usage: 29056 KB
Fuse CPU Usage: 327 ms
